2024-12-11 16:07:37.535 [error] [ app.js:/coachingMain ] Error rendering body: ReferenceError: /home/neighbor/2024-12-03_ETRI/views/index.ejs:47
    45| 	<div class="root">
    46|         <header id="header"><%- include('header') %></header>
 >> 47|         <section id="container"><%- include(body) %></section>
    48| 	</div>
    49| 	<script src = "https://cdn.socket.io/4.6.1/socket.io.min.js" type="text/javascript"></script>
    50| 	<script>

/home/neighbor/2024-12-03_ETRI/views/coachingMain.ejs:206
    204| Chart.register(ChartDataLabels);
    205| 
 >> 206| const chartData = <%= JSON.stringify(chartData) %>;
    207| 
    208|   // 데이터를 가공하여 차트에 삽입
    209|   const labels = chartData.map(item => `${item.call_hour}:00:00`);

chartData is not defined
2024-12-11 16:07:43.842 [error] [ app.js:/coachingMain ] Error rendering body: ReferenceError: /home/neighbor/2024-12-03_ETRI/views/index.ejs:47
    45| 	<div class="root">
    46|         <header id="header"><%- include('header') %></header>
 >> 47|         <section id="container"><%- include(body) %></section>
    48| 	</div>
    49| 	<script src = "https://cdn.socket.io/4.6.1/socket.io.min.js" type="text/javascript"></script>
    50| 	<script>

/home/neighbor/2024-12-03_ETRI/views/coachingMain.ejs:206
    204| Chart.register(ChartDataLabels);
    205| 
 >> 206| const chartData = <%- JSON.stringify(chartData) %>;
    207| 
    208|   // 데이터를 가공하여 차트에 삽입
    209|   const labels = chartData.map(item => `${item.call_hour}:00:00`);

chartData is not defined
