2024-12-17 11:13:14.288 [error] [ Consume:chEmoServiceStartRP ] Consume Error: TypeError: Cannot read properties of null (reading 'EngineType')
2024-12-17 11:13:14.371 [error] [ Consume:ch2EmoServiceStartRP ] Consume Error: TypeError: Cannot read properties of null (reading 'EngineType')
2024-12-17 11:17:11.490 [error] [ watchDirectory:processUncaughtException ] Uncaught Exception: Channel closed by server: 406 (PRECONDITION-FAILED) with message "PRECONDITION_FAILED - unknown delivery tag 3"
2024-12-17 11:22:20.060 [error] [ app.js:sendAudioChunks ] sendAudioChunks 함수에서 오류 발생: ReferenceError: ErkQueueInfo_cus is not defined
2024-12-17 11:23:19.029 [error] [ app.js:sendChunk ] Error sending chunk 1: ErkMsgDataHeader is not defined
2024-12-17 11:23:20.032 [error] [ app.js:sendChunk ] Error sending chunk 1: ErkMsgDataHeader is not defined
2024-12-17 11:23:21.036 [error] [ app.js:sendChunk ] Error sending chunk 1: ErkMsgDataHeader is not defined
2024-12-17 11:23:22.144 [error] [ app.js:sendChunk ] Error sending chunk 1: ErkMsgDataHeader is not defined
2024-12-17 11:23:23.159 [error] [ app.js:sendChunk ] Error sending chunk 1: ErkMsgDataHeader is not defined
2024-12-17 11:23:24.161 [error] [ app.js:sendChunk ] Error sending chunk 1: ErkMsgDataHeader is not defined
2024-12-17 11:23:25.170 [error] [ app.js:sendChunk ] Error sending chunk 1: ErkMsgDataHeader is not defined
2024-12-17 11:23:26.179 [error] [ app.js:sendChunk ] Error sending chunk 1: ErkMsgDataHeader is not defined
2024-12-17 11:23:27.380 [error] [ app.js:sendChunk ] Error sending chunk 1: ErkMsgDataHeader is not defined
2024-12-17 11:23:28.383 [error] [ app.js:sendChunk ] Error sending chunk 1: ErkMsgDataHeader is not defined
2024-12-17 11:23:29.390 [error] [ app.js:sendChunk ] Error sending chunk 1: ErkMsgDataHeader is not defined
2024-12-17 11:23:30.422 [error] [ app.js:sendChunk ] Error sending chunk 1: ErkMsgDataHeader is not defined
2024-12-17 11:23:31.439 [error] [ app.js:sendChunk ] Error sending chunk 1: ErkMsgDataHeader is not defined
2024-12-17 11:23:32.451 [error] [ app.js:sendChunk ] Error sending chunk 1: ErkMsgDataHeader is not defined
2024-12-17 11:23:33.452 [error] [ app.js:sendChunk ] Error sending chunk 1: ErkMsgDataHeader is not defined
2024-12-17 11:23:34.586 [error] [ app.js:sendChunk ] Error sending chunk 1: ErkMsgDataHeader is not defined
2024-12-17 11:23:35.689 [error] [ app.js:sendChunk ] Error sending chunk 1: ErkMsgDataHeader is not defined
2024-12-17 11:23:36.756 [error] [ app.js:sendChunk ] Error sending chunk 1: ErkMsgDataHeader is not defined
2024-12-17 11:23:37.853 [error] [ app.js:sendChunk ] Error sending chunk 1: ErkMsgDataHeader is not defined
2024-12-17 11:23:38.861 [error] [ app.js:sendChunk ] Error sending chunk 1: ErkMsgDataHeader is not defined
2024-12-17 11:23:39.867 [error] [ app.js:sendChunk ] Error sending chunk 1: ErkMsgDataHeader is not defined
2024-12-17 11:23:40.963 [error] [ app.js:sendChunk ] Error sending chunk 1: ErkMsgDataHeader is not defined
2024-12-17 11:23:41.967 [error] [ app.js:sendChunk ] Error sending chunk 1: ErkMsgDataHeader is not defined
2024-12-17 11:23:43.036 [error] [ app.js:sendChunk ] Error sending chunk 1: ErkMsgDataHeader is not defined
2024-12-17 11:23:44.040 [error] [ app.js:sendChunk ] Error sending chunk 1: ErkMsgDataHeader is not defined
2024-12-17 11:23:45.171 [error] [ app.js:sendChunk ] Error sending chunk 1: ErkMsgDataHeader is not defined
2024-12-17 11:23:46.173 [error] [ app.js:sendChunk ] Error sending chunk 1: ErkMsgDataHeader is not defined
2024-12-17 11:23:47.182 [error] [ app.js:sendChunk ] Error sending chunk 1: ErkMsgDataHeader is not defined
2024-12-17 11:23:48.187 [error] [ app.js:sendChunk ] Error sending chunk 1: ErkMsgDataHeader is not defined
2024-12-17 11:23:49.191 [error] [ app.js:sendChunk ] Error sending chunk 1: ErkMsgDataHeader is not defined
2024-12-17 11:23:50.195 [error] [ app.js:sendChunk ] Error sending chunk 1: ErkMsgDataHeader is not defined
2024-12-17 11:23:51.298 [error] [ app.js:sendChunk ] Error sending chunk 1: ErkMsgDataHeader is not defined
2024-12-17 11:23:52.300 [error] [ app.js:sendChunk ] Error sending chunk 1: ErkMsgDataHeader is not defined
2024-12-17 11:23:53.301 [error] [ app.js:sendChunk ] Error sending chunk 1: ErkMsgDataHeader is not defined
2024-12-17 11:23:54.346 [error] [ app.js:sendChunk ] Error sending chunk 1: ErkMsgDataHeader is not defined
2024-12-17 11:23:55.349 [error] [ app.js:sendChunk ] Error sending chunk 1: ErkMsgDataHeader is not defined
2024-12-17 11:23:56.382 [error] [ app.js:sendChunk ] Error sending chunk 1: ErkMsgDataHeader is not defined
2024-12-17 11:23:57.393 [error] [ app.js:sendChunk ] Error sending chunk 1: ErkMsgDataHeader is not defined
2024-12-17 11:23:58.397 [error] [ app.js:sendChunk ] Error sending chunk 1: ErkMsgDataHeader is not defined
2024-12-17 11:23:59.439 [error] [ app.js:sendChunk ] Error sending chunk 1: ErkMsgDataHeader is not defined
2024-12-17 11:24:00.440 [error] [ app.js:sendChunk ] Error sending chunk 1: ErkMsgDataHeader is not defined
2024-12-17 11:24:01.531 [error] [ app.js:sendChunk ] Error sending chunk 1: ErkMsgDataHeader is not defined
2024-12-17 11:24:02.536 [error] [ app.js:sendChunk ] Error sending chunk 1: ErkMsgDataHeader is not defined
2024-12-17 11:24:03.537 [error] [ app.js:sendChunk ] Error sending chunk 1: ErkMsgDataHeader is not defined
2024-12-17 11:24:04.543 [error] [ app.js:sendChunk ] Error sending chunk 1: ErkMsgDataHeader is not defined
2024-12-17 11:24:05.549 [error] [ app.js:sendChunk ] Error sending chunk 1: ErkMsgDataHeader is not defined
2024-12-17 11:24:06.554 [error] [ app.js:sendChunk ] Error sending chunk 1: ErkMsgDataHeader is not defined
2024-12-17 11:24:07.580 [error] [ app.js:sendChunk ] Error sending chunk 1: ErkMsgDataHeader is not defined
2024-12-17 11:24:08.582 [error] [ app.js:sendChunk ] Error sending chunk 1: ErkMsgDataHeader is not defined
2024-12-17 11:24:09.584 [error] [ app.js:sendChunk ] Error sending chunk 1: ErkMsgDataHeader is not defined
2024-12-17 11:24:10.589 [error] [ app.js:sendChunk ] Error sending chunk 1: ErkMsgDataHeader is not defined
2024-12-17 11:24:11.595 [error] [ app.js:sendChunk ] Error sending chunk 1: ErkMsgDataHeader is not defined
2024-12-17 11:27:21.511 [error] [ watchDirectory:processUncaughtException ] Uncaught Exception: Channel closed by server: 406 (PRECONDITION-FAILED) with message "PRECONDITION_FAILED - unknown delivery tag 3"
2024-12-17 11:32:07.868 [error] [ app.js:sendAudioChunks ] sendAudioChunks 함수에서 오류 발생: ReferenceError: ErkQueueInfo_cus is not defined
2024-12-17 11:33:18.430 [error] [ app.js:sendChunk ] Error sending chunk 1: ErkMsgDataHeader is not defined
2024-12-17 11:33:19.442 [error] [ app.js:sendChunk ] Error sending chunk 1: ErkMsgDataHeader is not defined
2024-12-17 11:33:20.447 [error] [ app.js:sendChunk ] Error sending chunk 1: ErkMsgDataHeader is not defined
2024-12-17 11:33:21.451 [error] [ app.js:sendChunk ] Error sending chunk 1: ErkMsgDataHeader is not defined
2024-12-17 11:33:22.454 [error] [ app.js:sendChunk ] Error sending chunk 1: ErkMsgDataHeader is not defined
2024-12-17 11:33:23.457 [error] [ app.js:sendChunk ] Error sending chunk 1: ErkMsgDataHeader is not defined
2024-12-17 11:33:24.458 [error] [ app.js:sendChunk ] Error sending chunk 1: ErkMsgDataHeader is not defined
2024-12-17 11:40:02.675 [error] [ watchDirectory:processUncaughtException ] Uncaught Exception: Channel closed by server: 406 (PRECONDITION-FAILED) with message "PRECONDITION_FAILED - unknown delivery tag 6"
