2024-12-16 11:03:27.965 [error] [ audioServices.js:EmoServiceStartRQ ] TypeError: Cannot read properties of undefined (reading 'user_uuid')
2024-12-16 11:05:47.600 [error] [ audioServices.js:handleNewFile ] Failed to process chunk 1: Only 0 out of undefined chunks sent successfully
2024-12-16 11:05:47.601 [error] [ audioServices.js:handleNewFile ] Failed to process chunk 1: Only 0 out of undefined chunks sent successfully
2024-12-16 11:05:47.704 [error] [ audioServices.js:handleNewFile ] Failed to process chunk 1: Only 0 out of undefined chunks sent successfully
2024-12-16 11:05:47.705 [error] [ audioServices.js:handleNewFile ] Failed to process chunk 1: Only 0 out of undefined chunks sent successfully
2024-12-16 11:05:47.832 [error] [ audioServices.js:handleNewFile ] Failed to process chunk 1: Only 0 out of undefined chunks sent successfully
2024-12-16 11:05:47.833 [error] [ audioServices.js:handleNewFile ] Failed to process chunk 1: Only 0 out of undefined chunks sent successfully
2024-12-16 11:05:47.935 [error] [ audioServices.js:handleNewFile ] Failed to process chunk 1: Only 0 out of undefined chunks sent successfully
2024-12-16 11:05:47.937 [error] [ audioServices.js:handleNewFile ] Failed to process chunk 1: Only 0 out of undefined chunks sent successfully
2024-12-16 11:05:48.038 [error] [ audioServices.js:handleNewFile ] Failed to process chunk 1: Only 0 out of undefined chunks sent successfully
2024-12-16 11:05:48.039 [error] [ audioServices.js:handleNewFile ] Failed to process chunk 1: Only 0 out of undefined chunks sent successfully
2024-12-16 11:05:48.145 [error] [ audioServices.js:handleNewFile ] Failed to process chunk 1: Only 0 out of undefined chunks sent successfully
2024-12-16 11:05:48.147 [error] [ audioServices.js:handleNewFile ] Failed to process chunk 1: Only 0 out of undefined chunks sent successfully
2024-12-16 11:05:48.251 [error] [ audioServices.js:handleNewFile ] Failed to process chunk 1: Only 0 out of undefined chunks sent successfully
2024-12-16 11:05:48.252 [error] [ audioServices.js:handleNewFile ] Failed to process chunk 1: Only 0 out of undefined chunks sent successfully
2024-12-16 11:05:48.359 [error] [ audioServices.js:handleNewFile ] Failed to process chunk 1: Only 0 out of undefined chunks sent successfully
2024-12-16 11:05:48.359 [error] [ audioServices.js:handleNewFile ] Failed to process chunk 1: Only 0 out of undefined chunks sent successfully
2024-12-16 11:05:48.462 [error] [ audioServices.js:handleNewFile ] Failed to process chunk 1: Only 0 out of undefined chunks sent successfully
2024-12-16 11:05:48.463 [error] [ audioServices.js:handleNewFile ] Failed to process chunk 1: Only 0 out of undefined chunks sent successfully
2024-12-16 11:05:48.568 [error] [ audioServices.js:handleNewFile ] Failed to process chunk 1: Only 0 out of undefined chunks sent successfully
2024-12-16 11:05:48.571 [error] [ audioServices.js:handleNewFile ] Failed to process chunk 1: Only 0 out of undefined chunks sent successfully
2024-12-16 11:05:48.673 [error] [ audioServices.js:handleNewFile ] Failed to process chunk 1: Only 0 out of undefined chunks sent successfully
2024-12-16 11:05:48.674 [error] [ audioServices.js:handleNewFile ] Failed to process chunk 1: Only 0 out of undefined chunks sent successfully
2024-12-16 11:05:48.783 [error] [ audioServices.js:handleNewFile ] Failed to process chunk 1: Only 0 out of undefined chunks sent successfully
2024-12-16 11:05:48.784 [error] [ audioServices.js:handleNewFile ] Failed to process chunk 1: Only 0 out of undefined chunks sent successfully
2024-12-16 11:05:48.888 [error] [ audioServices.js:handleNewFile ] Failed to process chunk 1: Only 0 out of undefined chunks sent successfully
2024-12-16 11:05:48.888 [error] [ audioServices.js:handleNewFile ] Failed to process chunk 1: Only 0 out of undefined chunks sent successfully
2024-12-16 11:05:49.000 [error] [ audioServices.js:handleNewFile ] Failed to process chunk 1: Only 0 out of undefined chunks sent successfully
2024-12-16 11:05:49.000 [error] [ audioServices.js:handleNewFile ] Failed to process chunk 1: Only 0 out of undefined chunks sent successfully
2024-12-16 11:05:49.131 [error] [ audioServices.js:handleNewFile ] Failed to process chunk 1: Only 0 out of undefined chunks sent successfully
2024-12-16 11:05:49.131 [error] [ audioServices.js:handleNewFile ] Failed to process chunk 1: Only 0 out of undefined chunks sent successfully
2024-12-16 11:05:49.257 [error] [ audioServices.js:handleNewFile ] Failed to process chunk 1: Only 0 out of undefined chunks sent successfully
2024-12-16 11:05:49.260 [error] [ audioServices.js:handleNewFile ] Failed to process chunk 1: Only 0 out of undefined chunks sent successfully
2024-12-16 11:05:49.368 [error] [ audioServices.js:handleNewFile ] Failed to process chunk 1: Only 0 out of undefined chunks sent successfully
2024-12-16 11:05:49.370 [error] [ audioServices.js:handleNewFile ] Failed to process chunk 1: Only 0 out of undefined chunks sent successfully
2024-12-16 11:05:49.490 [error] [ audioServices.js:handleNewFile ] Failed to process chunk 1: Only 0 out of undefined chunks sent successfully
2024-12-16 11:05:49.492 [error] [ audioServices.js:handleNewFile ] Failed to process chunk 1: Only 0 out of undefined chunks sent successfully
2024-12-16 11:05:49.604 [error] [ audioServices.js:handleNewFile ] Failed to process chunk 1: Only 0 out of undefined chunks sent successfully
2024-12-16 11:05:49.606 [error] [ audioServices.js:handleNewFile ] Failed to process chunk 1: Only 0 out of undefined chunks sent successfully
2024-12-16 11:05:49.727 [error] [ audioServices.js:handleNewFile ] Failed to process chunk 1: Only 0 out of undefined chunks sent successfully
2024-12-16 11:05:49.730 [error] [ audioServices.js:handleNewFile ] Failed to process chunk 1: Only 0 out of undefined chunks sent successfully
2024-12-16 11:05:49.850 [error] [ audioServices.js:handleNewFile ] Failed to process chunk 1: Only 0 out of undefined chunks sent successfully
2024-12-16 11:05:49.853 [error] [ audioServices.js:handleNewFile ] Failed to process chunk 1: Only 0 out of undefined chunks sent successfully
2024-12-16 11:05:49.956 [error] [ audioServices.js:handleNewFile ] Failed to process chunk 1: Only 0 out of undefined chunks sent successfully
2024-12-16 11:05:49.957 [error] [ audioServices.js:handleNewFile ] Failed to process chunk 1: Only 0 out of undefined chunks sent successfully
2024-12-16 11:05:50.063 [error] [ audioServices.js:handleNewFile ] Failed to process chunk 1: Only 0 out of undefined chunks sent successfully
2024-12-16 11:05:50.064 [error] [ audioServices.js:handleNewFile ] Failed to process chunk 1: Only 0 out of undefined chunks sent successfully
2024-12-16 11:05:50.166 [error] [ audioServices.js:handleNewFile ] Failed to process chunk 1: Only 0 out of undefined chunks sent successfully
2024-12-16 11:05:50.167 [error] [ audioServices.js:handleNewFile ] Failed to process chunk 1: Only 0 out of undefined chunks sent successfully
2024-12-16 11:05:50.269 [error] [ audioServices.js:handleNewFile ] Failed to process chunk 1: Only 0 out of undefined chunks sent successfully
2024-12-16 11:05:50.269 [error] [ audioServices.js:handleNewFile ] Failed to process chunk 1: Only 0 out of undefined chunks sent successfully
2024-12-16 11:05:50.372 [error] [ audioServices.js:handleNewFile ] Failed to process chunk 1: Only 0 out of undefined chunks sent successfully
2024-12-16 11:05:50.372 [error] [ audioServices.js:handleNewFile ] Failed to process chunk 1: Only 0 out of undefined chunks sent successfully
2024-12-16 11:05:50.483 [error] [ audioServices.js:handleNewFile ] Failed to process chunk 1: Only 0 out of undefined chunks sent successfully
2024-12-16 11:05:50.486 [error] [ audioServices.js:handleNewFile ] Failed to process chunk 1: Only 0 out of undefined chunks sent successfully
2024-12-16 11:05:50.592 [error] [ audioServices.js:handleNewFile ] Failed to process chunk 1: Only 0 out of undefined chunks sent successfully
2024-12-16 11:05:50.592 [error] [ audioServices.js:handleNewFile ] Failed to process chunk 1: Only 0 out of undefined chunks sent successfully
2024-12-16 11:05:50.701 [error] [ audioServices.js:handleNewFile ] Failed to process chunk 1: Only 0 out of undefined chunks sent successfully
2024-12-16 11:05:50.705 [error] [ audioServices.js:handleNewFile ] Failed to process chunk 1: Only 0 out of undefined chunks sent successfully
2024-12-16 11:05:50.818 [error] [ audioServices.js:handleNewFile ] Failed to process chunk 1: Only 0 out of undefined chunks sent successfully
2024-12-16 11:05:50.821 [error] [ audioServices.js:handleNewFile ] Failed to process chunk 1: Only 0 out of undefined chunks sent successfully
2024-12-16 11:05:51.487 [error] [ app.js:sendAudioChunks ] sendAudioChunks 함수에서 오류 발생: ReferenceError: ErkApiMsg is not defined
2024-12-16 11:05:51.488 [error] [ audioServices.js:convertGsmToPcm ] Failed to send audio chunk 1: ErkApiMsg is not defined
2024-12-16 11:05:51.504 [error] [ app.js:sendAudioChunks ] sendAudioChunks 함수에서 오류 발생: ReferenceError: ErkApiMsg is not defined
2024-12-16 11:05:51.505 [error] [ audioServices.js:convertGsmToPcm ] Failed to send audio chunk 1: ErkApiMsg is not defined
2024-12-16 11:05:51.801 [error] [ app.js:sendAudioChunks ] sendAudioChunks 함수에서 오류 발생: ReferenceError: ErkApiMsg is not defined
2024-12-16 11:05:51.801 [error] [ audioServices.js:convertGsmToPcm ] Failed to send audio chunk 1: ErkApiMsg is not defined
2024-12-16 11:05:51.804 [error] [ app.js:sendAudioChunks ] sendAudioChunks 함수에서 오류 발생: ReferenceError: ErkApiMsg is not defined
2024-12-16 11:05:51.805 [error] [ audioServices.js:convertGsmToPcm ] Failed to send audio chunk 1: ErkApiMsg is not defined
2024-12-16 11:05:52.108 [error] [ app.js:sendAudioChunks ] sendAudioChunks 함수에서 오류 발생: ReferenceError: ErkApiMsg is not defined
2024-12-16 11:05:52.108 [error] [ audioServices.js:convertGsmToPcm ] Failed to send audio chunk 1: ErkApiMsg is not defined
2024-12-16 11:05:52.111 [error] [ app.js:sendAudioChunks ] sendAudioChunks 함수에서 오류 발생: ReferenceError: ErkApiMsg is not defined
2024-12-16 11:05:52.111 [error] [ audioServices.js:convertGsmToPcm ] Failed to send audio chunk 1: ErkApiMsg is not defined
2024-12-16 11:05:52.414 [error] [ app.js:sendAudioChunks ] sendAudioChunks 함수에서 오류 발생: ReferenceError: ErkApiMsg is not defined
2024-12-16 11:05:52.415 [error] [ audioServices.js:convertGsmToPcm ] Failed to send audio chunk 1: ErkApiMsg is not defined
2024-12-16 11:05:52.417 [error] [ app.js:sendAudioChunks ] sendAudioChunks 함수에서 오류 발생: ReferenceError: ErkApiMsg is not defined
2024-12-16 11:05:52.418 [error] [ audioServices.js:convertGsmToPcm ] Failed to send audio chunk 1: ErkApiMsg is not defined
2024-12-16 11:05:52.708 [error] [ app.js:sendAudioChunks ] sendAudioChunks 함수에서 오류 발생: ReferenceError: ErkApiMsg is not defined
2024-12-16 11:05:52.710 [error] [ audioServices.js:convertGsmToPcm ] Failed to send audio chunk 1: ErkApiMsg is not defined
2024-12-16 11:05:52.711 [error] [ app.js:sendAudioChunks ] sendAudioChunks 함수에서 오류 발생: ReferenceError: ErkApiMsg is not defined
2024-12-16 11:05:52.711 [error] [ audioServices.js:convertGsmToPcm ] Failed to send audio chunk 1: ErkApiMsg is not defined
2024-12-16 11:05:53.041 [error] [ app.js:sendAudioChunks ] sendAudioChunks 함수에서 오류 발생: ReferenceError: ErkApiMsg is not defined
2024-12-16 11:05:53.041 [error] [ audioServices.js:convertGsmToPcm ] Failed to send audio chunk 1: ErkApiMsg is not defined
2024-12-16 11:05:53.044 [error] [ app.js:sendAudioChunks ] sendAudioChunks 함수에서 오류 발생: ReferenceError: ErkApiMsg is not defined
2024-12-16 11:05:53.046 [error] [ audioServices.js:convertGsmToPcm ] Failed to send audio chunk 1: ErkApiMsg is not defined
2024-12-16 11:05:53.374 [error] [ app.js:sendAudioChunks ] sendAudioChunks 함수에서 오류 발생: ReferenceError: ErkApiMsg is not defined
2024-12-16 11:05:53.374 [error] [ audioServices.js:convertGsmToPcm ] Failed to send audio chunk 1: ErkApiMsg is not defined
2024-12-16 11:05:53.376 [error] [ app.js:sendAudioChunks ] sendAudioChunks 함수에서 오류 발생: ReferenceError: ErkApiMsg is not defined
2024-12-16 11:05:53.376 [error] [ audioServices.js:convertGsmToPcm ] Failed to send audio chunk 1: ErkApiMsg is not defined
2024-12-16 11:05:53.654 [error] [ app.js:sendAudioChunks ] sendAudioChunks 함수에서 오류 발생: ReferenceError: ErkApiMsg is not defined
2024-12-16 11:05:53.655 [error] [ audioServices.js:convertGsmToPcm ] Failed to send audio chunk 1: ErkApiMsg is not defined
2024-12-16 11:05:53.656 [error] [ app.js:sendAudioChunks ] sendAudioChunks 함수에서 오류 발생: ReferenceError: ErkApiMsg is not defined
2024-12-16 11:05:53.656 [error] [ audioServices.js:convertGsmToPcm ] Failed to send audio chunk 1: ErkApiMsg is not defined
2024-12-16 11:05:53.965 [error] [ app.js:sendAudioChunks ] sendAudioChunks 함수에서 오류 발생: ReferenceError: ErkApiMsg is not defined
2024-12-16 11:05:53.966 [error] [ audioServices.js:convertGsmToPcm ] Failed to send audio chunk 1: ErkApiMsg is not defined
2024-12-16 11:05:53.975 [error] [ app.js:sendAudioChunks ] sendAudioChunks 함수에서 오류 발생: ReferenceError: ErkApiMsg is not defined
2024-12-16 11:05:53.976 [error] [ audioServices.js:convertGsmToPcm ] Failed to send audio chunk 1: ErkApiMsg is not defined
2024-12-16 11:05:54.276 [error] [ app.js:sendAudioChunks ] sendAudioChunks 함수에서 오류 발생: ReferenceError: ErkApiMsg is not defined
2024-12-16 11:05:54.276 [error] [ audioServices.js:convertGsmToPcm ] Failed to send audio chunk 1: ErkApiMsg is not defined
2024-12-16 11:05:54.278 [error] [ app.js:sendAudioChunks ] sendAudioChunks 함수에서 오류 발생: ReferenceError: ErkApiMsg is not defined
2024-12-16 11:05:54.278 [error] [ audioServices.js:convertGsmToPcm ] Failed to send audio chunk 1: ErkApiMsg is not defined
2024-12-16 11:05:54.573 [error] [ app.js:sendAudioChunks ] sendAudioChunks 함수에서 오류 발생: ReferenceError: ErkApiMsg is not defined
2024-12-16 11:05:54.574 [error] [ audioServices.js:convertGsmToPcm ] Failed to send audio chunk 1: ErkApiMsg is not defined
2024-12-16 11:05:54.575 [error] [ app.js:sendAudioChunks ] sendAudioChunks 함수에서 오류 발생: ReferenceError: ErkApiMsg is not defined
2024-12-16 11:05:54.576 [error] [ audioServices.js:convertGsmToPcm ] Failed to send audio chunk 1: ErkApiMsg is not defined
2024-12-16 11:05:54.883 [error] [ app.js:sendAudioChunks ] sendAudioChunks 함수에서 오류 발생: ReferenceError: ErkApiMsg is not defined
2024-12-16 11:05:54.884 [error] [ audioServices.js:convertGsmToPcm ] Failed to send audio chunk 1: ErkApiMsg is not defined
2024-12-16 11:05:54.884 [error] [ app.js:sendAudioChunks ] sendAudioChunks 함수에서 오류 발생: ReferenceError: ErkApiMsg is not defined
2024-12-16 11:05:54.884 [error] [ audioServices.js:convertGsmToPcm ] Failed to send audio chunk 1: ErkApiMsg is not defined
2024-12-16 11:05:55.175 [error] [ app.js:sendAudioChunks ] sendAudioChunks 함수에서 오류 발생: ReferenceError: ErkApiMsg is not defined
2024-12-16 11:05:55.175 [error] [ audioServices.js:convertGsmToPcm ] Failed to send audio chunk 1: ErkApiMsg is not defined
2024-12-16 11:05:55.185 [error] [ app.js:sendAudioChunks ] sendAudioChunks 함수에서 오류 발생: ReferenceError: ErkApiMsg is not defined
2024-12-16 11:05:55.186 [error] [ audioServices.js:convertGsmToPcm ] Failed to send audio chunk 1: ErkApiMsg is not defined
2024-12-16 11:05:55.455 [error] [ app.js:sendAudioChunks ] sendAudioChunks 함수에서 오류 발생: ReferenceError: ErkApiMsg is not defined
2024-12-16 11:05:55.455 [error] [ audioServices.js:convertGsmToPcm ] Failed to send audio chunk 1: ErkApiMsg is not defined
2024-12-16 11:05:55.482 [error] [ app.js:sendAudioChunks ] sendAudioChunks 함수에서 오류 발생: ReferenceError: ErkApiMsg is not defined
2024-12-16 11:05:55.487 [error] [ audioServices.js:convertGsmToPcm ] Failed to send audio chunk 1: ErkApiMsg is not defined
2024-12-16 11:05:55.754 [error] [ app.js:sendAudioChunks ] sendAudioChunks 함수에서 오류 발생: ReferenceError: ErkApiMsg is not defined
2024-12-16 11:05:55.756 [error] [ audioServices.js:convertGsmToPcm ] Failed to send audio chunk 1: ErkApiMsg is not defined
2024-12-16 11:05:55.786 [error] [ app.js:sendAudioChunks ] sendAudioChunks 함수에서 오류 발생: ReferenceError: ErkApiMsg is not defined
2024-12-16 11:05:55.786 [error] [ audioServices.js:convertGsmToPcm ] Failed to send audio chunk 1: ErkApiMsg is not defined
2024-12-16 11:05:56.057 [error] [ app.js:sendAudioChunks ] sendAudioChunks 함수에서 오류 발생: ReferenceError: ErkApiMsg is not defined
2024-12-16 11:05:56.058 [error] [ audioServices.js:convertGsmToPcm ] Failed to send audio chunk 1: ErkApiMsg is not defined
2024-12-16 11:05:56.076 [error] [ app.js:sendAudioChunks ] sendAudioChunks 함수에서 오류 발생: ReferenceError: ErkApiMsg is not defined
2024-12-16 11:05:56.076 [error] [ audioServices.js:convertGsmToPcm ] Failed to send audio chunk 1: ErkApiMsg is not defined
2024-12-16 11:05:56.382 [error] [ app.js:sendAudioChunks ] sendAudioChunks 함수에서 오류 발생: ReferenceError: ErkApiMsg is not defined
2024-12-16 11:05:56.382 [error] [ audioServices.js:convertGsmToPcm ] Failed to send audio chunk 1: ErkApiMsg is not defined
2024-12-16 11:05:56.384 [error] [ app.js:sendAudioChunks ] sendAudioChunks 함수에서 오류 발생: ReferenceError: ErkApiMsg is not defined
2024-12-16 11:05:56.384 [error] [ audioServices.js:convertGsmToPcm ] Failed to send audio chunk 1: ErkApiMsg is not defined
2024-12-16 11:05:56.669 [error] [ app.js:sendAudioChunks ] sendAudioChunks 함수에서 오류 발생: ReferenceError: ErkApiMsg is not defined
2024-12-16 11:05:56.669 [error] [ audioServices.js:convertGsmToPcm ] Failed to send audio chunk 1: ErkApiMsg is not defined
2024-12-16 11:05:56.679 [error] [ app.js:sendAudioChunks ] sendAudioChunks 함수에서 오류 발생: ReferenceError: ErkApiMsg is not defined
2024-12-16 11:05:56.680 [error] [ audioServices.js:convertGsmToPcm ] Failed to send audio chunk 1: ErkApiMsg is not defined
2024-12-16 11:05:57.012 [error] [ app.js:sendAudioChunks ] sendAudioChunks 함수에서 오류 발생: ReferenceError: ErkApiMsg is not defined
2024-12-16 11:05:57.012 [error] [ audioServices.js:convertGsmToPcm ] Failed to send audio chunk 1: ErkApiMsg is not defined
2024-12-16 11:05:57.012 [error] [ app.js:sendAudioChunks ] sendAudioChunks 함수에서 오류 발생: ReferenceError: ErkApiMsg is not defined
2024-12-16 11:05:57.013 [error] [ audioServices.js:convertGsmToPcm ] Failed to send audio chunk 1: ErkApiMsg is not defined
2024-12-16 11:05:57.339 [error] [ app.js:sendAudioChunks ] sendAudioChunks 함수에서 오류 발생: ReferenceError: ErkApiMsg is not defined
2024-12-16 11:05:57.340 [error] [ audioServices.js:convertGsmToPcm ] Failed to send audio chunk 1: ErkApiMsg is not defined
2024-12-16 11:05:57.341 [error] [ app.js:sendAudioChunks ] sendAudioChunks 함수에서 오류 발생: ReferenceError: ErkApiMsg is not defined
2024-12-16 11:05:57.341 [error] [ audioServices.js:convertGsmToPcm ] Failed to send audio chunk 1: ErkApiMsg is not defined
2024-12-16 11:05:57.666 [error] [ app.js:sendAudioChunks ] sendAudioChunks 함수에서 오류 발생: ReferenceError: ErkApiMsg is not defined
2024-12-16 11:05:57.666 [error] [ audioServices.js:convertGsmToPcm ] Failed to send audio chunk 1: ErkApiMsg is not defined
2024-12-16 11:05:57.666 [error] [ app.js:sendAudioChunks ] sendAudioChunks 함수에서 오류 발생: ReferenceError: ErkApiMsg is not defined
2024-12-16 11:05:57.666 [error] [ audioServices.js:convertGsmToPcm ] Failed to send audio chunk 1: ErkApiMsg is not defined
2024-12-16 11:05:57.945 [error] [ app.js:sendAudioChunks ] sendAudioChunks 함수에서 오류 발생: ReferenceError: ErkApiMsg is not defined
2024-12-16 11:05:57.946 [error] [ audioServices.js:convertGsmToPcm ] Failed to send audio chunk 1: ErkApiMsg is not defined
2024-12-16 11:05:57.947 [error] [ app.js:sendAudioChunks ] sendAudioChunks 함수에서 오류 발생: ReferenceError: ErkApiMsg is not defined
2024-12-16 11:05:57.947 [error] [ audioServices.js:convertGsmToPcm ] Failed to send audio chunk 1: ErkApiMsg is not defined
2024-12-16 11:05:58.254 [error] [ app.js:sendAudioChunks ] sendAudioChunks 함수에서 오류 발생: ReferenceError: ErkApiMsg is not defined
2024-12-16 11:05:58.255 [error] [ audioServices.js:convertGsmToPcm ] Failed to send audio chunk 1: ErkApiMsg is not defined
2024-12-16 11:05:58.261 [error] [ app.js:sendAudioChunks ] sendAudioChunks 함수에서 오류 발생: ReferenceError: ErkApiMsg is not defined
2024-12-16 11:05:58.261 [error] [ audioServices.js:convertGsmToPcm ] Failed to send audio chunk 1: ErkApiMsg is not defined
2024-12-16 11:05:58.555 [error] [ app.js:sendAudioChunks ] sendAudioChunks 함수에서 오류 발생: ReferenceError: ErkApiMsg is not defined
2024-12-16 11:05:58.555 [error] [ audioServices.js:convertGsmToPcm ] Failed to send audio chunk 1: ErkApiMsg is not defined
2024-12-16 11:05:58.556 [error] [ app.js:sendAudioChunks ] sendAudioChunks 함수에서 오류 발생: ReferenceError: ErkApiMsg is not defined
2024-12-16 11:05:58.557 [error] [ audioServices.js:convertGsmToPcm ] Failed to send audio chunk 1: ErkApiMsg is not defined
2024-12-16 11:05:58.854 [error] [ app.js:sendAudioChunks ] sendAudioChunks 함수에서 오류 발생: ReferenceError: ErkApiMsg is not defined
2024-12-16 11:05:58.855 [error] [ audioServices.js:convertGsmToPcm ] Failed to send audio chunk 1: ErkApiMsg is not defined
2024-12-16 11:05:58.868 [error] [ app.js:sendAudioChunks ] sendAudioChunks 함수에서 오류 발생: ReferenceError: ErkApiMsg is not defined
2024-12-16 11:05:58.869 [error] [ audioServices.js:convertGsmToPcm ] Failed to send audio chunk 1: ErkApiMsg is not defined
2024-12-16 11:05:59.155 [error] [ app.js:sendAudioChunks ] sendAudioChunks 함수에서 오류 발생: ReferenceError: ErkApiMsg is not defined
2024-12-16 11:05:59.155 [error] [ audioServices.js:convertGsmToPcm ] Failed to send audio chunk 1: ErkApiMsg is not defined
2024-12-16 11:05:59.156 [error] [ app.js:sendAudioChunks ] sendAudioChunks 함수에서 오류 발생: ReferenceError: ErkApiMsg is not defined
2024-12-16 11:05:59.156 [error] [ audioServices.js:convertGsmToPcm ] Failed to send audio chunk 1: ErkApiMsg is not defined
2024-12-16 11:05:59.457 [error] [ app.js:sendAudioChunks ] sendAudioChunks 함수에서 오류 발생: ReferenceError: ErkApiMsg is not defined
2024-12-16 11:05:59.457 [error] [ audioServices.js:convertGsmToPcm ] Failed to send audio chunk 1: ErkApiMsg is not defined
2024-12-16 11:05:59.462 [error] [ app.js:sendAudioChunks ] sendAudioChunks 함수에서 오류 발생: ReferenceError: ErkApiMsg is not defined
2024-12-16 11:05:59.462 [error] [ audioServices.js:convertGsmToPcm ] Failed to send audio chunk 1: ErkApiMsg is not defined
2024-12-16 11:05:59.766 [error] [ app.js:sendAudioChunks ] sendAudioChunks 함수에서 오류 발생: ReferenceError: ErkApiMsg is not defined
2024-12-16 11:05:59.766 [error] [ audioServices.js:convertGsmToPcm ] Failed to send audio chunk 1: ErkApiMsg is not defined
2024-12-16 11:05:59.768 [error] [ app.js:sendAudioChunks ] sendAudioChunks 함수에서 오류 발생: ReferenceError: ErkApiMsg is not defined
2024-12-16 11:05:59.769 [error] [ audioServices.js:convertGsmToPcm ] Failed to send audio chunk 1: ErkApiMsg is not defined
2024-12-16 11:06:00.043 [error] [ app.js:sendAudioChunks ] sendAudioChunks 함수에서 오류 발생: ReferenceError: ErkApiMsg is not defined
2024-12-16 11:06:00.046 [error] [ audioServices.js:convertGsmToPcm ] Failed to send audio chunk 1: ErkApiMsg is not defined
2024-12-16 11:06:00.047 [error] [ app.js:sendAudioChunks ] sendAudioChunks 함수에서 오류 발생: ReferenceError: ErkApiMsg is not defined
2024-12-16 11:06:00.048 [error] [ audioServices.js:convertGsmToPcm ] Failed to send audio chunk 1: ErkApiMsg is not defined
2024-12-16 11:06:00.383 [error] [ app.js:sendAudioChunks ] sendAudioChunks 함수에서 오류 발생: ReferenceError: ErkApiMsg is not defined
2024-12-16 11:06:00.383 [error] [ audioServices.js:convertGsmToPcm ] Failed to send audio chunk 1: ErkApiMsg is not defined
2024-12-16 11:06:00.384 [error] [ app.js:sendAudioChunks ] sendAudioChunks 함수에서 오류 발생: ReferenceError: ErkApiMsg is not defined
2024-12-16 11:06:00.384 [error] [ audioServices.js:convertGsmToPcm ] Failed to send audio chunk 1: ErkApiMsg is not defined
2024-12-16 11:06:00.662 [error] [ app.js:sendAudioChunks ] sendAudioChunks 함수에서 오류 발생: ReferenceError: ErkApiMsg is not defined
2024-12-16 11:06:00.663 [error] [ audioServices.js:convertGsmToPcm ] Failed to send audio chunk 1: ErkApiMsg is not defined
2024-12-16 11:06:00.677 [error] [ app.js:sendAudioChunks ] sendAudioChunks 함수에서 오류 발생: ReferenceError: ErkApiMsg is not defined
2024-12-16 11:06:00.678 [error] [ audioServices.js:convertGsmToPcm ] Failed to send audio chunk 1: ErkApiMsg is not defined
2024-12-16 11:06:00.963 [error] [ app.js:sendAudioChunks ] sendAudioChunks 함수에서 오류 발생: ReferenceError: ErkApiMsg is not defined
2024-12-16 11:06:00.964 [error] [ audioServices.js:convertGsmToPcm ] Failed to send audio chunk 1: ErkApiMsg is not defined
2024-12-16 11:06:00.964 [error] [ app.js:sendAudioChunks ] sendAudioChunks 함수에서 오류 발생: ReferenceError: ErkApiMsg is not defined
2024-12-16 11:06:00.965 [error] [ audioServices.js:convertGsmToPcm ] Failed to send audio chunk 1: ErkApiMsg is not defined
2024-12-16 11:06:01.296 [error] [ app.js:sendAudioChunks ] sendAudioChunks 함수에서 오류 발생: ReferenceError: ErkApiMsg is not defined
2024-12-16 11:06:01.296 [error] [ audioServices.js:convertGsmToPcm ] Failed to send audio chunk 1: ErkApiMsg is not defined
2024-12-16 11:06:01.309 [error] [ app.js:sendAudioChunks ] sendAudioChunks 함수에서 오류 발생: ReferenceError: ErkApiMsg is not defined
2024-12-16 11:06:01.309 [error] [ audioServices.js:convertGsmToPcm ] Failed to send audio chunk 1: ErkApiMsg is not defined
2024-12-16 11:06:01.577 [error] [ app.js:sendAudioChunks ] sendAudioChunks 함수에서 오류 발생: ReferenceError: ErkApiMsg is not defined
2024-12-16 11:06:01.577 [error] [ audioServices.js:convertGsmToPcm ] Failed to send audio chunk 1: ErkApiMsg is not defined
2024-12-16 11:06:01.585 [error] [ app.js:sendAudioChunks ] sendAudioChunks 함수에서 오류 발생: ReferenceError: ErkApiMsg is not defined
2024-12-16 11:06:01.585 [error] [ audioServices.js:convertGsmToPcm ] Failed to send audio chunk 1: ErkApiMsg is not defined
2024-12-16 11:06:01.898 [error] [ app.js:sendAudioChunks ] sendAudioChunks 함수에서 오류 발생: ReferenceError: ErkApiMsg is not defined
2024-12-16 11:06:01.898 [error] [ audioServices.js:convertGsmToPcm ] Failed to send audio chunk 1: ErkApiMsg is not defined
2024-12-16 11:06:01.899 [error] [ app.js:sendAudioChunks ] sendAudioChunks 함수에서 오류 발생: ReferenceError: ErkApiMsg is not defined
2024-12-16 11:06:01.900 [error] [ audioServices.js:convertGsmToPcm ] Failed to send audio chunk 1: ErkApiMsg is not defined
2024-12-16 11:06:02.178 [error] [ app.js:sendAudioChunks ] sendAudioChunks 함수에서 오류 발생: ReferenceError: ErkApiMsg is not defined
2024-12-16 11:06:02.178 [error] [ audioServices.js:convertGsmToPcm ] Failed to send audio chunk 1: ErkApiMsg is not defined
2024-12-16 11:06:02.206 [error] [ app.js:sendAudioChunks ] sendAudioChunks 함수에서 오류 발생: ReferenceError: ErkApiMsg is not defined
2024-12-16 11:06:02.206 [error] [ audioServices.js:convertGsmToPcm ] Failed to send audio chunk 1: ErkApiMsg is not defined
2024-12-16 11:06:02.462 [error] [ app.js:sendAudioChunks ] sendAudioChunks 함수에서 오류 발생: ReferenceError: ErkApiMsg is not defined
2024-12-16 11:06:02.463 [error] [ audioServices.js:convertGsmToPcm ] Failed to send audio chunk 1: ErkApiMsg is not defined
2024-12-16 11:06:02.487 [error] [ app.js:sendAudioChunks ] sendAudioChunks 함수에서 오류 발생: ReferenceError: ErkApiMsg is not defined
2024-12-16 11:06:02.487 [error] [ audioServices.js:convertGsmToPcm ] Failed to send audio chunk 1: ErkApiMsg is not defined
2024-12-16 11:06:02.774 [error] [ app.js:sendAudioChunks ] sendAudioChunks 함수에서 오류 발생: ReferenceError: ErkApiMsg is not defined
2024-12-16 11:06:02.774 [error] [ audioServices.js:convertGsmToPcm ] Failed to send audio chunk 1: ErkApiMsg is not defined
2024-12-16 11:06:02.780 [error] [ app.js:sendAudioChunks ] sendAudioChunks 함수에서 오류 발생: ReferenceError: ErkApiMsg is not defined
2024-12-16 11:06:02.780 [error] [ audioServices.js:convertGsmToPcm ] Failed to send audio chunk 1: ErkApiMsg is not defined
2024-12-16 11:06:03.077 [error] [ app.js:sendAudioChunks ] sendAudioChunks 함수에서 오류 발생: ReferenceError: ErkApiMsg is not defined
2024-12-16 11:06:03.078 [error] [ audioServices.js:convertGsmToPcm ] Failed to send audio chunk 1: ErkApiMsg is not defined
2024-12-16 11:06:03.086 [error] [ app.js:sendAudioChunks ] sendAudioChunks 함수에서 오류 발생: ReferenceError: ErkApiMsg is not defined
2024-12-16 11:06:03.086 [error] [ audioServices.js:convertGsmToPcm ] Failed to send audio chunk 1: ErkApiMsg is not defined
2024-12-16 11:06:03.361 [error] [ app.js:sendAudioChunks ] sendAudioChunks 함수에서 오류 발생: ReferenceError: ErkApiMsg is not defined
2024-12-16 11:06:03.362 [error] [ audioServices.js:convertGsmToPcm ] Failed to send audio chunk 1: ErkApiMsg is not defined
2024-12-16 11:06:03.372 [error] [ app.js:sendAudioChunks ] sendAudioChunks 함수에서 오류 발생: ReferenceError: ErkApiMsg is not defined
2024-12-16 11:06:03.373 [error] [ audioServices.js:convertGsmToPcm ] Failed to send audio chunk 1: ErkApiMsg is not defined
2024-12-16 11:06:03.664 [error] [ app.js:sendAudioChunks ] sendAudioChunks 함수에서 오류 발생: ReferenceError: ErkApiMsg is not defined
2024-12-16 11:06:03.664 [error] [ audioServices.js:convertGsmToPcm ] Failed to send audio chunk 1: ErkApiMsg is not defined
2024-12-16 11:06:03.665 [error] [ app.js:sendAudioChunks ] sendAudioChunks 함수에서 오류 발생: ReferenceError: ErkApiMsg is not defined
2024-12-16 11:06:03.666 [error] [ audioServices.js:convertGsmToPcm ] Failed to send audio chunk 1: ErkApiMsg is not defined
2024-12-16 11:06:03.950 [error] [ app.js:sendAudioChunks ] sendAudioChunks 함수에서 오류 발생: ReferenceError: ErkApiMsg is not defined
2024-12-16 11:06:03.950 [error] [ audioServices.js:convertGsmToPcm ] Failed to send audio chunk 1: ErkApiMsg is not defined
2024-12-16 11:06:03.960 [error] [ app.js:sendAudioChunks ] sendAudioChunks 함수에서 오류 발생: ReferenceError: ErkApiMsg is not defined
2024-12-16 11:06:03.961 [error] [ audioServices.js:convertGsmToPcm ] Failed to send audio chunk 1: ErkApiMsg is not defined
2024-12-16 11:06:04.232 [error] [ app.js:sendAudioChunks ] sendAudioChunks 함수에서 오류 발생: ReferenceError: ErkApiMsg is not defined
2024-12-16 11:06:04.233 [error] [ audioServices.js:convertGsmToPcm ] Failed to send audio chunk 1: ErkApiMsg is not defined
2024-12-16 11:06:04.252 [error] [ app.js:sendAudioChunks ] sendAudioChunks 함수에서 오류 발생: ReferenceError: ErkApiMsg is not defined
2024-12-16 11:06:04.253 [error] [ audioServices.js:convertGsmToPcm ] Failed to send audio chunk 1: ErkApiMsg is not defined
2024-12-16 11:06:04.534 [error] [ app.js:sendAudioChunks ] sendAudioChunks 함수에서 오류 발생: ReferenceError: ErkApiMsg is not defined
2024-12-16 11:06:04.535 [error] [ audioServices.js:convertGsmToPcm ] Failed to send audio chunk 1: ErkApiMsg is not defined
2024-12-16 11:06:04.538 [error] [ app.js:sendAudioChunks ] sendAudioChunks 함수에서 오류 발생: ReferenceError: ErkApiMsg is not defined
2024-12-16 11:06:04.539 [error] [ audioServices.js:convertGsmToPcm ] Failed to send audio chunk 1: ErkApiMsg is not defined
2024-12-16 11:06:04.808 [error] [ app.js:sendAudioChunks ] sendAudioChunks 함수에서 오류 발생: ReferenceError: ErkApiMsg is not defined
2024-12-16 11:06:04.808 [error] [ audioServices.js:convertGsmToPcm ] Failed to send audio chunk 1: ErkApiMsg is not defined
2024-12-16 11:06:04.839 [error] [ app.js:sendAudioChunks ] sendAudioChunks 함수에서 오류 발생: ReferenceError: ErkApiMsg is not defined
2024-12-16 11:06:04.840 [error] [ audioServices.js:convertGsmToPcm ] Failed to send audio chunk 1: ErkApiMsg is not defined
2024-12-16 11:06:05.110 [error] [ app.js:sendAudioChunks ] sendAudioChunks 함수에서 오류 발생: ReferenceError: ErkApiMsg is not defined
2024-12-16 11:06:05.110 [error] [ audioServices.js:convertGsmToPcm ] Failed to send audio chunk 1: ErkApiMsg is not defined
2024-12-16 11:06:05.130 [error] [ app.js:sendAudioChunks ] sendAudioChunks 함수에서 오류 발생: ReferenceError: ErkApiMsg is not defined
2024-12-16 11:06:05.130 [error] [ audioServices.js:convertGsmToPcm ] Failed to send audio chunk 1: ErkApiMsg is not defined
2024-12-16 11:06:05.414 [error] [ app.js:sendAudioChunks ] sendAudioChunks 함수에서 오류 발생: ReferenceError: ErkApiMsg is not defined
2024-12-16 11:06:05.415 [error] [ audioServices.js:convertGsmToPcm ] Failed to send audio chunk 1: ErkApiMsg is not defined
2024-12-16 11:06:05.439 [error] [ app.js:sendAudioChunks ] sendAudioChunks 함수에서 오류 발생: ReferenceError: ErkApiMsg is not defined
2024-12-16 11:06:05.439 [error] [ audioServices.js:convertGsmToPcm ] Failed to send audio chunk 1: ErkApiMsg is not defined
2024-12-16 11:06:05.691 [error] [ app.js:sendAudioChunks ] sendAudioChunks 함수에서 오류 발생: ReferenceError: ErkApiMsg is not defined
2024-12-16 11:06:05.691 [error] [ audioServices.js:convertGsmToPcm ] Failed to send audio chunk 1: ErkApiMsg is not defined
2024-12-16 11:06:05.707 [error] [ app.js:sendAudioChunks ] sendAudioChunks 함수에서 오류 발생: ReferenceError: ErkApiMsg is not defined
2024-12-16 11:06:05.707 [error] [ audioServices.js:convertGsmToPcm ] Failed to send audio chunk 1: ErkApiMsg is not defined
2024-12-16 11:06:06.015 [error] [ app.js:sendAudioChunks ] sendAudioChunks 함수에서 오류 발생: ReferenceError: ErkApiMsg is not defined
2024-12-16 11:06:06.015 [error] [ audioServices.js:convertGsmToPcm ] Failed to send audio chunk 1: ErkApiMsg is not defined
2024-12-16 11:06:06.016 [error] [ app.js:sendAudioChunks ] sendAudioChunks 함수에서 오류 발생: ReferenceError: ErkApiMsg is not defined
2024-12-16 11:06:06.017 [error] [ audioServices.js:convertGsmToPcm ] Failed to send audio chunk 1: ErkApiMsg is not defined
2024-12-16 11:10:21.537 [error] [ audioServices.js:handleNewFile ] Failed to process chunk 1: Only 0 out of undefined chunks sent successfully
2024-12-16 11:10:21.541 [error] [ audioServices.js:handleNewFile ] Failed to process chunk 1: Only 0 out of undefined chunks sent successfully
2024-12-16 11:10:21.640 [error] [ audioServices.js:handleNewFile ] Failed to process chunk 1: Only 0 out of undefined chunks sent successfully
2024-12-16 11:10:21.642 [error] [ audioServices.js:handleNewFile ] Failed to process chunk 1: Only 0 out of undefined chunks sent successfully
2024-12-16 11:10:21.742 [error] [ audioServices.js:handleNewFile ] Failed to process chunk 1: Only 0 out of undefined chunks sent successfully
2024-12-16 11:10:21.743 [error] [ audioServices.js:handleNewFile ] Failed to process chunk 1: Only 0 out of undefined chunks sent successfully
2024-12-16 11:10:21.851 [error] [ audioServices.js:handleNewFile ] Failed to process chunk 1: Only 0 out of undefined chunks sent successfully
2024-12-16 11:10:21.852 [error] [ audioServices.js:handleNewFile ] Failed to process chunk 1: Only 0 out of undefined chunks sent successfully
2024-12-16 11:10:21.964 [error] [ audioServices.js:handleNewFile ] Failed to process chunk 1: Only 0 out of undefined chunks sent successfully
2024-12-16 11:10:21.967 [error] [ audioServices.js:handleNewFile ] Failed to process chunk 1: Only 0 out of undefined chunks sent successfully
2024-12-16 11:10:22.068 [error] [ audioServices.js:handleNewFile ] Failed to process chunk 1: Only 0 out of undefined chunks sent successfully
2024-12-16 11:10:22.068 [error] [ audioServices.js:handleNewFile ] Failed to process chunk 1: Only 0 out of undefined chunks sent successfully
2024-12-16 11:10:22.178 [error] [ audioServices.js:handleNewFile ] Failed to process chunk 1: Only 0 out of undefined chunks sent successfully
2024-12-16 11:10:22.178 [error] [ audioServices.js:handleNewFile ] Failed to process chunk 1: Only 0 out of undefined chunks sent successfully
2024-12-16 11:10:22.301 [error] [ audioServices.js:handleNewFile ] Failed to process chunk 1: Only 0 out of undefined chunks sent successfully
2024-12-16 11:10:22.303 [error] [ audioServices.js:handleNewFile ] Failed to process chunk 1: Only 0 out of undefined chunks sent successfully
2024-12-16 11:10:22.415 [error] [ audioServices.js:handleNewFile ] Failed to process chunk 1: Only 0 out of undefined chunks sent successfully
2024-12-16 11:10:22.416 [error] [ audioServices.js:handleNewFile ] Failed to process chunk 1: Only 0 out of undefined chunks sent successfully
2024-12-16 11:10:22.518 [error] [ audioServices.js:handleNewFile ] Failed to process chunk 1: Only 0 out of undefined chunks sent successfully
2024-12-16 11:10:22.521 [error] [ audioServices.js:handleNewFile ] Failed to process chunk 1: Only 0 out of undefined chunks sent successfully
2024-12-16 11:10:22.622 [error] [ audioServices.js:handleNewFile ] Failed to process chunk 1: Only 0 out of undefined chunks sent successfully
2024-12-16 11:10:22.623 [error] [ audioServices.js:handleNewFile ] Failed to process chunk 1: Only 0 out of undefined chunks sent successfully
2024-12-16 11:10:22.730 [error] [ audioServices.js:handleNewFile ] Failed to process chunk 1: Only 0 out of undefined chunks sent successfully
2024-12-16 11:10:22.732 [error] [ audioServices.js:handleNewFile ] Failed to process chunk 1: Only 0 out of undefined chunks sent successfully
2024-12-16 11:10:22.835 [error] [ audioServices.js:handleNewFile ] Failed to process chunk 1: Only 0 out of undefined chunks sent successfully
2024-12-16 11:10:22.839 [error] [ audioServices.js:handleNewFile ] Failed to process chunk 1: Only 0 out of undefined chunks sent successfully
2024-12-16 11:10:22.944 [error] [ audioServices.js:handleNewFile ] Failed to process chunk 1: Only 0 out of undefined chunks sent successfully
2024-12-16 11:10:22.945 [error] [ audioServices.js:handleNewFile ] Failed to process chunk 1: Only 0 out of undefined chunks sent successfully
2024-12-16 11:10:23.050 [error] [ audioServices.js:handleNewFile ] Failed to process chunk 1: Only 0 out of undefined chunks sent successfully
2024-12-16 11:10:23.053 [error] [ audioServices.js:handleNewFile ] Failed to process chunk 1: Only 0 out of undefined chunks sent successfully
2024-12-16 11:10:23.153 [error] [ audioServices.js:handleNewFile ] Failed to process chunk 1: Only 0 out of undefined chunks sent successfully
2024-12-16 11:10:23.157 [error] [ audioServices.js:handleNewFile ] Failed to process chunk 1: Only 0 out of undefined chunks sent successfully
2024-12-16 11:10:23.267 [error] [ audioServices.js:handleNewFile ] Failed to process chunk 1: Only 0 out of undefined chunks sent successfully
2024-12-16 11:10:23.270 [error] [ audioServices.js:handleNewFile ] Failed to process chunk 1: Only 0 out of undefined chunks sent successfully
2024-12-16 11:10:23.375 [error] [ audioServices.js:handleNewFile ] Failed to process chunk 1: Only 0 out of undefined chunks sent successfully
2024-12-16 11:10:23.379 [error] [ audioServices.js:handleNewFile ] Failed to process chunk 1: Only 0 out of undefined chunks sent successfully
2024-12-16 11:10:23.478 [error] [ audioServices.js:handleNewFile ] Failed to process chunk 1: Only 0 out of undefined chunks sent successfully
2024-12-16 11:10:23.481 [error] [ audioServices.js:handleNewFile ] Failed to process chunk 1: Only 0 out of undefined chunks sent successfully
2024-12-16 11:10:23.581 [error] [ audioServices.js:handleNewFile ] Failed to process chunk 1: Only 0 out of undefined chunks sent successfully
2024-12-16 11:10:23.582 [error] [ audioServices.js:handleNewFile ] Failed to process chunk 1: Only 0 out of undefined chunks sent successfully
2024-12-16 11:10:23.683 [error] [ audioServices.js:handleNewFile ] Failed to process chunk 1: Only 0 out of undefined chunks sent successfully
2024-12-16 11:10:23.684 [error] [ audioServices.js:handleNewFile ] Failed to process chunk 1: Only 0 out of undefined chunks sent successfully
2024-12-16 11:10:23.791 [error] [ audioServices.js:handleNewFile ] Failed to process chunk 1: Only 0 out of undefined chunks sent successfully
2024-12-16 11:10:23.792 [error] [ audioServices.js:handleNewFile ] Failed to process chunk 1: Only 0 out of undefined chunks sent successfully
2024-12-16 11:10:23.893 [error] [ audioServices.js:handleNewFile ] Failed to process chunk 1: Only 0 out of undefined chunks sent successfully
2024-12-16 11:10:23.895 [error] [ audioServices.js:handleNewFile ] Failed to process chunk 1: Only 0 out of undefined chunks sent successfully
2024-12-16 11:10:23.999 [error] [ audioServices.js:handleNewFile ] Failed to process chunk 1: Only 0 out of undefined chunks sent successfully
2024-12-16 11:10:24.001 [error] [ audioServices.js:handleNewFile ] Failed to process chunk 1: Only 0 out of undefined chunks sent successfully
2024-12-16 11:10:24.102 [error] [ audioServices.js:handleNewFile ] Failed to process chunk 1: Only 0 out of undefined chunks sent successfully
2024-12-16 11:10:24.104 [error] [ audioServices.js:handleNewFile ] Failed to process chunk 1: Only 0 out of undefined chunks sent successfully
2024-12-16 11:10:24.208 [error] [ audioServices.js:handleNewFile ] Failed to process chunk 1: Only 0 out of undefined chunks sent successfully
2024-12-16 11:10:24.208 [error] [ audioServices.js:handleNewFile ] Failed to process chunk 1: Only 0 out of undefined chunks sent successfully
2024-12-16 11:10:24.318 [error] [ audioServices.js:handleNewFile ] Failed to process chunk 1: Only 0 out of undefined chunks sent successfully
2024-12-16 11:10:24.319 [error] [ audioServices.js:handleNewFile ] Failed to process chunk 1: Only 0 out of undefined chunks sent successfully
2024-12-16 11:10:24.455 [error] [ audioServices.js:handleNewFile ] Failed to process chunk 1: Only 0 out of undefined chunks sent successfully
2024-12-16 11:10:24.455 [error] [ audioServices.js:handleNewFile ] Failed to process chunk 1: Only 0 out of undefined chunks sent successfully
2024-12-16 11:10:24.565 [error] [ audioServices.js:handleNewFile ] Failed to process chunk 1: Only 0 out of undefined chunks sent successfully
2024-12-16 11:10:24.566 [error] [ audioServices.js:handleNewFile ] Failed to process chunk 1: Only 0 out of undefined chunks sent successfully
2024-12-16 11:10:24.670 [error] [ audioServices.js:handleNewFile ] Failed to process chunk 1: Only 0 out of undefined chunks sent successfully
2024-12-16 11:10:24.670 [error] [ audioServices.js:handleNewFile ] Failed to process chunk 1: Only 0 out of undefined chunks sent successfully
2024-12-16 11:10:25.408 [error] [ app.js:sendAudioChunks ] sendAudioChunks 함수에서 오류 발생: TypeError: Cannot read properties of undefined (reading 'create')
2024-12-16 11:10:25.409 [error] [ audioServices.js:convertGsmToPcm ] Failed to send audio chunk 1: Cannot read properties of undefined (reading 'create')
2024-12-16 11:10:25.421 [error] [ app.js:sendAudioChunks ] sendAudioChunks 함수에서 오류 발생: TypeError: Cannot read properties of undefined (reading 'create')
2024-12-16 11:10:25.422 [error] [ audioServices.js:convertGsmToPcm ] Failed to send audio chunk 1: Cannot read properties of undefined (reading 'create')
2024-12-16 11:10:25.722 [error] [ app.js:sendAudioChunks ] sendAudioChunks 함수에서 오류 발생: TypeError: Cannot read properties of undefined (reading 'create')
2024-12-16 11:10:25.723 [error] [ audioServices.js:convertGsmToPcm ] Failed to send audio chunk 1: Cannot read properties of undefined (reading 'create')
2024-12-16 11:10:25.733 [error] [ app.js:sendAudioChunks ] sendAudioChunks 함수에서 오류 발생: TypeError: Cannot read properties of undefined (reading 'create')
2024-12-16 11:10:25.735 [error] [ audioServices.js:convertGsmToPcm ] Failed to send audio chunk 1: Cannot read properties of undefined (reading 'create')
2024-12-16 11:10:26.022 [error] [ app.js:sendAudioChunks ] sendAudioChunks 함수에서 오류 발생: TypeError: Cannot read properties of undefined (reading 'create')
2024-12-16 11:10:26.023 [error] [ audioServices.js:convertGsmToPcm ] Failed to send audio chunk 1: Cannot read properties of undefined (reading 'create')
2024-12-16 11:10:26.030 [error] [ app.js:sendAudioChunks ] sendAudioChunks 함수에서 오류 발생: TypeError: Cannot read properties of undefined (reading 'create')
2024-12-16 11:10:26.030 [error] [ audioServices.js:convertGsmToPcm ] Failed to send audio chunk 1: Cannot read properties of undefined (reading 'create')
2024-12-16 11:10:26.353 [error] [ app.js:sendAudioChunks ] sendAudioChunks 함수에서 오류 발생: TypeError: Cannot read properties of undefined (reading 'create')
2024-12-16 11:10:26.353 [error] [ audioServices.js:convertGsmToPcm ] Failed to send audio chunk 1: Cannot read properties of undefined (reading 'create')
2024-12-16 11:10:26.357 [error] [ app.js:sendAudioChunks ] sendAudioChunks 함수에서 오류 발생: TypeError: Cannot read properties of undefined (reading 'create')
2024-12-16 11:10:26.358 [error] [ audioServices.js:convertGsmToPcm ] Failed to send audio chunk 1: Cannot read properties of undefined (reading 'create')
2024-12-16 11:10:26.655 [error] [ app.js:sendAudioChunks ] sendAudioChunks 함수에서 오류 발생: TypeError: Cannot read properties of undefined (reading 'create')
2024-12-16 11:10:26.656 [error] [ audioServices.js:convertGsmToPcm ] Failed to send audio chunk 1: Cannot read properties of undefined (reading 'create')
2024-12-16 11:10:26.662 [error] [ app.js:sendAudioChunks ] sendAudioChunks 함수에서 오류 발생: TypeError: Cannot read properties of undefined (reading 'create')
2024-12-16 11:10:26.662 [error] [ audioServices.js:convertGsmToPcm ] Failed to send audio chunk 1: Cannot read properties of undefined (reading 'create')
2024-12-16 11:10:26.979 [error] [ app.js:sendAudioChunks ] sendAudioChunks 함수에서 오류 발생: TypeError: Cannot read properties of undefined (reading 'create')
2024-12-16 11:10:26.979 [error] [ audioServices.js:convertGsmToPcm ] Failed to send audio chunk 1: Cannot read properties of undefined (reading 'create')
2024-12-16 11:10:26.981 [error] [ app.js:sendAudioChunks ] sendAudioChunks 함수에서 오류 발생: TypeError: Cannot read properties of undefined (reading 'create')
2024-12-16 11:10:26.982 [error] [ audioServices.js:convertGsmToPcm ] Failed to send audio chunk 1: Cannot read properties of undefined (reading 'create')
2024-12-16 11:10:27.294 [error] [ app.js:sendAudioChunks ] sendAudioChunks 함수에서 오류 발생: TypeError: Cannot read properties of undefined (reading 'create')
2024-12-16 11:10:27.295 [error] [ audioServices.js:convertGsmToPcm ] Failed to send audio chunk 1: Cannot read properties of undefined (reading 'create')
2024-12-16 11:10:27.296 [error] [ app.js:sendAudioChunks ] sendAudioChunks 함수에서 오류 발생: TypeError: Cannot read properties of undefined (reading 'create')
2024-12-16 11:10:27.297 [error] [ audioServices.js:convertGsmToPcm ] Failed to send audio chunk 1: Cannot read properties of undefined (reading 'create')
2024-12-16 11:10:27.588 [error] [ app.js:sendAudioChunks ] sendAudioChunks 함수에서 오류 발생: TypeError: Cannot read properties of undefined (reading 'create')
2024-12-16 11:10:27.589 [error] [ audioServices.js:convertGsmToPcm ] Failed to send audio chunk 1: Cannot read properties of undefined (reading 'create')
2024-12-16 11:10:27.600 [error] [ app.js:sendAudioChunks ] sendAudioChunks 함수에서 오류 발생: TypeError: Cannot read properties of undefined (reading 'create')
2024-12-16 11:10:27.601 [error] [ audioServices.js:convertGsmToPcm ] Failed to send audio chunk 1: Cannot read properties of undefined (reading 'create')
2024-12-16 11:10:27.875 [error] [ app.js:sendAudioChunks ] sendAudioChunks 함수에서 오류 발생: TypeError: Cannot read properties of undefined (reading 'create')
2024-12-16 11:10:27.876 [error] [ audioServices.js:convertGsmToPcm ] Failed to send audio chunk 1: Cannot read properties of undefined (reading 'create')
2024-12-16 11:10:27.893 [error] [ app.js:sendAudioChunks ] sendAudioChunks 함수에서 오류 발생: TypeError: Cannot read properties of undefined (reading 'create')
2024-12-16 11:10:27.893 [error] [ audioServices.js:convertGsmToPcm ] Failed to send audio chunk 1: Cannot read properties of undefined (reading 'create')
2024-12-16 11:10:28.171 [error] [ app.js:sendAudioChunks ] sendAudioChunks 함수에서 오류 발생: TypeError: Cannot read properties of undefined (reading 'create')
2024-12-16 11:10:28.172 [error] [ audioServices.js:convertGsmToPcm ] Failed to send audio chunk 1: Cannot read properties of undefined (reading 'create')
2024-12-16 11:10:28.176 [error] [ app.js:sendAudioChunks ] sendAudioChunks 함수에서 오류 발생: TypeError: Cannot read properties of undefined (reading 'create')
2024-12-16 11:10:28.176 [error] [ audioServices.js:convertGsmToPcm ] Failed to send audio chunk 1: Cannot read properties of undefined (reading 'create')
2024-12-16 11:10:28.487 [error] [ app.js:sendAudioChunks ] sendAudioChunks 함수에서 오류 발생: TypeError: Cannot read properties of undefined (reading 'create')
2024-12-16 11:10:28.487 [error] [ audioServices.js:convertGsmToPcm ] Failed to send audio chunk 1: Cannot read properties of undefined (reading 'create')
2024-12-16 11:10:28.488 [error] [ app.js:sendAudioChunks ] sendAudioChunks 함수에서 오류 발생: TypeError: Cannot read properties of undefined (reading 'create')
2024-12-16 11:10:28.489 [error] [ audioServices.js:convertGsmToPcm ] Failed to send audio chunk 1: Cannot read properties of undefined (reading 'create')
2024-12-16 11:10:28.825 [error] [ app.js:sendAudioChunks ] sendAudioChunks 함수에서 오류 발생: TypeError: Cannot read properties of undefined (reading 'create')
2024-12-16 11:10:28.826 [error] [ audioServices.js:convertGsmToPcm ] Failed to send audio chunk 1: Cannot read properties of undefined (reading 'create')
2024-12-16 11:10:28.843 [error] [ app.js:sendAudioChunks ] sendAudioChunks 함수에서 오류 발생: TypeError: Cannot read properties of undefined (reading 'create')
2024-12-16 11:10:28.843 [error] [ audioServices.js:convertGsmToPcm ] Failed to send audio chunk 1: Cannot read properties of undefined (reading 'create')
2024-12-16 11:10:29.106 [error] [ app.js:sendAudioChunks ] sendAudioChunks 함수에서 오류 발생: TypeError: Cannot read properties of undefined (reading 'create')
2024-12-16 11:10:29.107 [error] [ audioServices.js:convertGsmToPcm ] Failed to send audio chunk 1: Cannot read properties of undefined (reading 'create')
2024-12-16 11:10:29.123 [error] [ app.js:sendAudioChunks ] sendAudioChunks 함수에서 오류 발생: TypeError: Cannot read properties of undefined (reading 'create')
2024-12-16 11:10:29.123 [error] [ audioServices.js:convertGsmToPcm ] Failed to send audio chunk 1: Cannot read properties of undefined (reading 'create')
2024-12-16 11:10:29.385 [error] [ app.js:sendAudioChunks ] sendAudioChunks 함수에서 오류 발생: TypeError: Cannot read properties of undefined (reading 'create')
2024-12-16 11:10:29.386 [error] [ audioServices.js:convertGsmToPcm ] Failed to send audio chunk 1: Cannot read properties of undefined (reading 'create')
2024-12-16 11:10:29.403 [error] [ app.js:sendAudioChunks ] sendAudioChunks 함수에서 오류 발생: TypeError: Cannot read properties of undefined (reading 'create')
2024-12-16 11:10:29.403 [error] [ audioServices.js:convertGsmToPcm ] Failed to send audio chunk 1: Cannot read properties of undefined (reading 'create')
2024-12-16 11:10:29.714 [error] [ app.js:sendAudioChunks ] sendAudioChunks 함수에서 오류 발생: TypeError: Cannot read properties of undefined (reading 'create')
2024-12-16 11:10:29.714 [error] [ audioServices.js:convertGsmToPcm ] Failed to send audio chunk 1: Cannot read properties of undefined (reading 'create')
2024-12-16 11:10:29.720 [error] [ app.js:sendAudioChunks ] sendAudioChunks 함수에서 오류 발생: TypeError: Cannot read properties of undefined (reading 'create')
2024-12-16 11:10:29.721 [error] [ audioServices.js:convertGsmToPcm ] Failed to send audio chunk 1: Cannot read properties of undefined (reading 'create')
2024-12-16 11:10:30.030 [error] [ app.js:sendAudioChunks ] sendAudioChunks 함수에서 오류 발생: TypeError: Cannot read properties of undefined (reading 'create')
2024-12-16 11:10:30.030 [error] [ audioServices.js:convertGsmToPcm ] Failed to send audio chunk 1: Cannot read properties of undefined (reading 'create')
2024-12-16 11:10:30.032 [error] [ app.js:sendAudioChunks ] sendAudioChunks 함수에서 오류 발생: TypeError: Cannot read properties of undefined (reading 'create')
2024-12-16 11:10:30.033 [error] [ audioServices.js:convertGsmToPcm ] Failed to send audio chunk 1: Cannot read properties of undefined (reading 'create')
2024-12-16 11:10:30.345 [error] [ app.js:sendAudioChunks ] sendAudioChunks 함수에서 오류 발생: TypeError: Cannot read properties of undefined (reading 'create')
2024-12-16 11:10:30.345 [error] [ audioServices.js:convertGsmToPcm ] Failed to send audio chunk 1: Cannot read properties of undefined (reading 'create')
2024-12-16 11:10:30.359 [error] [ app.js:sendAudioChunks ] sendAudioChunks 함수에서 오류 발생: TypeError: Cannot read properties of undefined (reading 'create')
2024-12-16 11:10:30.359 [error] [ audioServices.js:convertGsmToPcm ] Failed to send audio chunk 1: Cannot read properties of undefined (reading 'create')
2024-12-16 11:10:30.646 [error] [ app.js:sendAudioChunks ] sendAudioChunks 함수에서 오류 발생: TypeError: Cannot read properties of undefined (reading 'create')
2024-12-16 11:10:30.646 [error] [ audioServices.js:convertGsmToPcm ] Failed to send audio chunk 1: Cannot read properties of undefined (reading 'create')
2024-12-16 11:10:30.647 [error] [ app.js:sendAudioChunks ] sendAudioChunks 함수에서 오류 발생: TypeError: Cannot read properties of undefined (reading 'create')
2024-12-16 11:10:30.647 [error] [ audioServices.js:convertGsmToPcm ] Failed to send audio chunk 1: Cannot read properties of undefined (reading 'create')
2024-12-16 11:10:30.977 [error] [ app.js:sendAudioChunks ] sendAudioChunks 함수에서 오류 발생: TypeError: Cannot read properties of undefined (reading 'create')
2024-12-16 11:10:30.977 [error] [ audioServices.js:convertGsmToPcm ] Failed to send audio chunk 1: Cannot read properties of undefined (reading 'create')
2024-12-16 11:10:30.983 [error] [ app.js:sendAudioChunks ] sendAudioChunks 함수에서 오류 발생: TypeError: Cannot read properties of undefined (reading 'create')
2024-12-16 11:10:30.983 [error] [ audioServices.js:convertGsmToPcm ] Failed to send audio chunk 1: Cannot read properties of undefined (reading 'create')
2024-12-16 11:10:31.289 [error] [ app.js:sendAudioChunks ] sendAudioChunks 함수에서 오류 발생: TypeError: Cannot read properties of undefined (reading 'create')
2024-12-16 11:10:31.289 [error] [ audioServices.js:convertGsmToPcm ] Failed to send audio chunk 1: Cannot read properties of undefined (reading 'create')
2024-12-16 11:10:31.296 [error] [ app.js:sendAudioChunks ] sendAudioChunks 함수에서 오류 발생: TypeError: Cannot read properties of undefined (reading 'create')
2024-12-16 11:10:31.296 [error] [ audioServices.js:convertGsmToPcm ] Failed to send audio chunk 1: Cannot read properties of undefined (reading 'create')
2024-12-16 11:10:31.616 [error] [ app.js:sendAudioChunks ] sendAudioChunks 함수에서 오류 발생: TypeError: Cannot read properties of undefined (reading 'create')
2024-12-16 11:10:31.616 [error] [ audioServices.js:convertGsmToPcm ] Failed to send audio chunk 1: Cannot read properties of undefined (reading 'create')
2024-12-16 11:10:31.624 [error] [ app.js:sendAudioChunks ] sendAudioChunks 함수에서 오류 발생: TypeError: Cannot read properties of undefined (reading 'create')
2024-12-16 11:10:31.624 [error] [ audioServices.js:convertGsmToPcm ] Failed to send audio chunk 1: Cannot read properties of undefined (reading 'create')
2024-12-16 11:10:31.915 [error] [ app.js:sendAudioChunks ] sendAudioChunks 함수에서 오류 발생: TypeError: Cannot read properties of undefined (reading 'create')
2024-12-16 11:10:31.916 [error] [ audioServices.js:convertGsmToPcm ] Failed to send audio chunk 1: Cannot read properties of undefined (reading 'create')
2024-12-16 11:10:31.919 [error] [ app.js:sendAudioChunks ] sendAudioChunks 함수에서 오류 발생: TypeError: Cannot read properties of undefined (reading 'create')
2024-12-16 11:10:31.920 [error] [ audioServices.js:convertGsmToPcm ] Failed to send audio chunk 1: Cannot read properties of undefined (reading 'create')
2024-12-16 11:10:32.212 [error] [ app.js:sendAudioChunks ] sendAudioChunks 함수에서 오류 발생: TypeError: Cannot read properties of undefined (reading 'create')
2024-12-16 11:10:32.212 [error] [ audioServices.js:convertGsmToPcm ] Failed to send audio chunk 1: Cannot read properties of undefined (reading 'create')
2024-12-16 11:10:32.214 [error] [ app.js:sendAudioChunks ] sendAudioChunks 함수에서 오류 발생: TypeError: Cannot read properties of undefined (reading 'create')
2024-12-16 11:10:32.214 [error] [ audioServices.js:convertGsmToPcm ] Failed to send audio chunk 1: Cannot read properties of undefined (reading 'create')
2024-12-16 11:10:32.506 [error] [ app.js:sendAudioChunks ] sendAudioChunks 함수에서 오류 발생: TypeError: Cannot read properties of undefined (reading 'create')
2024-12-16 11:10:32.506 [error] [ audioServices.js:convertGsmToPcm ] Failed to send audio chunk 1: Cannot read properties of undefined (reading 'create')
2024-12-16 11:10:32.509 [error] [ app.js:sendAudioChunks ] sendAudioChunks 함수에서 오류 발생: TypeError: Cannot read properties of undefined (reading 'create')
2024-12-16 11:10:32.509 [error] [ audioServices.js:convertGsmToPcm ] Failed to send audio chunk 1: Cannot read properties of undefined (reading 'create')
2024-12-16 11:10:32.816 [error] [ app.js:sendAudioChunks ] sendAudioChunks 함수에서 오류 발생: TypeError: Cannot read properties of undefined (reading 'create')
2024-12-16 11:10:32.816 [error] [ audioServices.js:convertGsmToPcm ] Failed to send audio chunk 1: Cannot read properties of undefined (reading 'create')
2024-12-16 11:10:32.817 [error] [ app.js:sendAudioChunks ] sendAudioChunks 함수에서 오류 발생: TypeError: Cannot read properties of undefined (reading 'create')
2024-12-16 11:10:32.818 [error] [ audioServices.js:convertGsmToPcm ] Failed to send audio chunk 1: Cannot read properties of undefined (reading 'create')
2024-12-16 11:10:33.129 [error] [ app.js:sendAudioChunks ] sendAudioChunks 함수에서 오류 발생: TypeError: Cannot read properties of undefined (reading 'create')
2024-12-16 11:10:33.130 [error] [ audioServices.js:convertGsmToPcm ] Failed to send audio chunk 1: Cannot read properties of undefined (reading 'create')
2024-12-16 11:10:33.135 [error] [ app.js:sendAudioChunks ] sendAudioChunks 함수에서 오류 발생: TypeError: Cannot read properties of undefined (reading 'create')
2024-12-16 11:10:33.136 [error] [ audioServices.js:convertGsmToPcm ] Failed to send audio chunk 1: Cannot read properties of undefined (reading 'create')
2024-12-16 11:10:33.426 [error] [ app.js:sendAudioChunks ] sendAudioChunks 함수에서 오류 발생: TypeError: Cannot read properties of undefined (reading 'create')
2024-12-16 11:10:33.427 [error] [ audioServices.js:convertGsmToPcm ] Failed to send audio chunk 1: Cannot read properties of undefined (reading 'create')
2024-12-16 11:10:33.438 [error] [ app.js:sendAudioChunks ] sendAudioChunks 함수에서 오류 발생: TypeError: Cannot read properties of undefined (reading 'create')
2024-12-16 11:10:33.438 [error] [ audioServices.js:convertGsmToPcm ] Failed to send audio chunk 1: Cannot read properties of undefined (reading 'create')
2024-12-16 11:10:33.710 [error] [ app.js:sendAudioChunks ] sendAudioChunks 함수에서 오류 발생: TypeError: Cannot read properties of undefined (reading 'create')
2024-12-16 11:10:33.711 [error] [ audioServices.js:convertGsmToPcm ] Failed to send audio chunk 1: Cannot read properties of undefined (reading 'create')
2024-12-16 11:10:33.730 [error] [ app.js:sendAudioChunks ] sendAudioChunks 함수에서 오류 발생: TypeError: Cannot read properties of undefined (reading 'create')
2024-12-16 11:10:33.730 [error] [ audioServices.js:convertGsmToPcm ] Failed to send audio chunk 1: Cannot read properties of undefined (reading 'create')
2024-12-16 11:10:33.992 [error] [ app.js:sendAudioChunks ] sendAudioChunks 함수에서 오류 발생: TypeError: Cannot read properties of undefined (reading 'create')
2024-12-16 11:10:33.992 [error] [ audioServices.js:convertGsmToPcm ] Failed to send audio chunk 1: Cannot read properties of undefined (reading 'create')
2024-12-16 11:10:34.020 [error] [ app.js:sendAudioChunks ] sendAudioChunks 함수에서 오류 발생: TypeError: Cannot read properties of undefined (reading 'create')
2024-12-16 11:10:34.020 [error] [ audioServices.js:convertGsmToPcm ] Failed to send audio chunk 1: Cannot read properties of undefined (reading 'create')
2024-12-16 11:18:54.653 [error] [ audioServices.js:handleNewFile ] Failed to process chunk 1: Only 0 out of undefined chunks sent successfully
2024-12-16 11:18:54.654 [error] [ audioServices.js:handleNewFile ] Failed to process chunk 1: Only 0 out of undefined chunks sent successfully
2024-12-16 11:18:54.758 [error] [ audioServices.js:handleNewFile ] Failed to process chunk 1: Only 0 out of undefined chunks sent successfully
2024-12-16 11:18:54.759 [error] [ audioServices.js:handleNewFile ] Failed to process chunk 1: Only 0 out of undefined chunks sent successfully
2024-12-16 11:18:54.862 [error] [ audioServices.js:handleNewFile ] Failed to process chunk 1: Only 0 out of undefined chunks sent successfully
2024-12-16 11:18:54.863 [error] [ audioServices.js:handleNewFile ] Failed to process chunk 1: Only 0 out of undefined chunks sent successfully
2024-12-16 11:18:54.983 [error] [ audioServices.js:handleNewFile ] Failed to process chunk 1: Only 0 out of undefined chunks sent successfully
2024-12-16 11:18:54.984 [error] [ audioServices.js:handleNewFile ] Failed to process chunk 1: Only 0 out of undefined chunks sent successfully
2024-12-16 11:18:55.087 [error] [ audioServices.js:handleNewFile ] Failed to process chunk 1: Only 0 out of undefined chunks sent successfully
2024-12-16 11:18:55.088 [error] [ audioServices.js:handleNewFile ] Failed to process chunk 1: Only 0 out of undefined chunks sent successfully
2024-12-16 11:18:55.198 [error] [ audioServices.js:handleNewFile ] Failed to process chunk 1: Only 0 out of undefined chunks sent successfully
2024-12-16 11:18:55.199 [error] [ audioServices.js:handleNewFile ] Failed to process chunk 1: Only 0 out of undefined chunks sent successfully
2024-12-16 11:18:55.310 [error] [ audioServices.js:handleNewFile ] Failed to process chunk 1: Only 0 out of undefined chunks sent successfully
2024-12-16 11:18:55.311 [error] [ audioServices.js:handleNewFile ] Failed to process chunk 1: Only 0 out of undefined chunks sent successfully
2024-12-16 11:18:55.413 [error] [ audioServices.js:handleNewFile ] Failed to process chunk 1: Only 0 out of undefined chunks sent successfully
2024-12-16 11:18:55.414 [error] [ audioServices.js:handleNewFile ] Failed to process chunk 1: Only 0 out of undefined chunks sent successfully
2024-12-16 11:18:55.526 [error] [ audioServices.js:handleNewFile ] Failed to process chunk 1: Only 0 out of undefined chunks sent successfully
2024-12-16 11:18:55.526 [error] [ audioServices.js:handleNewFile ] Failed to process chunk 1: Only 0 out of undefined chunks sent successfully
2024-12-16 11:18:55.629 [error] [ audioServices.js:handleNewFile ] Failed to process chunk 1: Only 0 out of undefined chunks sent successfully
2024-12-16 11:18:55.631 [error] [ audioServices.js:handleNewFile ] Failed to process chunk 1: Only 0 out of undefined chunks sent successfully
2024-12-16 11:18:55.751 [error] [ audioServices.js:handleNewFile ] Failed to process chunk 1: Only 0 out of undefined chunks sent successfully
2024-12-16 11:18:55.753 [error] [ audioServices.js:handleNewFile ] Failed to process chunk 1: Only 0 out of undefined chunks sent successfully
2024-12-16 11:18:55.864 [error] [ audioServices.js:handleNewFile ] Failed to process chunk 1: Only 0 out of undefined chunks sent successfully
2024-12-16 11:18:55.865 [error] [ audioServices.js:handleNewFile ] Failed to process chunk 1: Only 0 out of undefined chunks sent successfully
2024-12-16 11:18:55.967 [error] [ audioServices.js:handleNewFile ] Failed to process chunk 1: Only 0 out of undefined chunks sent successfully
2024-12-16 11:18:55.968 [error] [ audioServices.js:handleNewFile ] Failed to process chunk 1: Only 0 out of undefined chunks sent successfully
2024-12-16 11:18:56.082 [error] [ audioServices.js:handleNewFile ] Failed to process chunk 1: Only 0 out of undefined chunks sent successfully
2024-12-16 11:18:56.084 [error] [ audioServices.js:handleNewFile ] Failed to process chunk 1: Only 0 out of undefined chunks sent successfully
2024-12-16 11:18:56.187 [error] [ audioServices.js:handleNewFile ] Failed to process chunk 1: Only 0 out of undefined chunks sent successfully
2024-12-16 11:18:56.189 [error] [ audioServices.js:handleNewFile ] Failed to process chunk 1: Only 0 out of undefined chunks sent successfully
2024-12-16 11:18:56.298 [error] [ audioServices.js:handleNewFile ] Failed to process chunk 1: Only 0 out of undefined chunks sent successfully
2024-12-16 11:18:56.298 [error] [ audioServices.js:handleNewFile ] Failed to process chunk 1: Only 0 out of undefined chunks sent successfully
2024-12-16 11:18:56.412 [error] [ audioServices.js:handleNewFile ] Failed to process chunk 1: Only 0 out of undefined chunks sent successfully
2024-12-16 11:18:56.412 [error] [ audioServices.js:handleNewFile ] Failed to process chunk 1: Only 0 out of undefined chunks sent successfully
2024-12-16 11:18:56.523 [error] [ audioServices.js:handleNewFile ] Failed to process chunk 1: Only 0 out of undefined chunks sent successfully
2024-12-16 11:18:56.524 [error] [ audioServices.js:handleNewFile ] Failed to process chunk 1: Only 0 out of undefined chunks sent successfully
2024-12-16 11:18:56.656 [error] [ audioServices.js:handleNewFile ] Failed to process chunk 1: Only 0 out of undefined chunks sent successfully
2024-12-16 11:18:56.658 [error] [ audioServices.js:handleNewFile ] Failed to process chunk 1: Only 0 out of undefined chunks sent successfully
2024-12-16 11:18:56.772 [error] [ audioServices.js:handleNewFile ] Failed to process chunk 1: Only 0 out of undefined chunks sent successfully
2024-12-16 11:18:56.773 [error] [ audioServices.js:handleNewFile ] Failed to process chunk 1: Only 0 out of undefined chunks sent successfully
2024-12-16 11:18:56.874 [error] [ audioServices.js:handleNewFile ] Failed to process chunk 1: Only 0 out of undefined chunks sent successfully
2024-12-16 11:18:56.875 [error] [ audioServices.js:handleNewFile ] Failed to process chunk 1: Only 0 out of undefined chunks sent successfully
2024-12-16 11:18:57.002 [error] [ audioServices.js:handleNewFile ] Failed to process chunk 1: Only 0 out of undefined chunks sent successfully
2024-12-16 11:18:57.003 [error] [ audioServices.js:handleNewFile ] Failed to process chunk 1: Only 0 out of undefined chunks sent successfully
2024-12-16 11:18:57.107 [error] [ audioServices.js:handleNewFile ] Failed to process chunk 1: Only 0 out of undefined chunks sent successfully
2024-12-16 11:18:57.108 [error] [ audioServices.js:handleNewFile ] Failed to process chunk 1: Only 0 out of undefined chunks sent successfully
2024-12-16 11:18:57.213 [error] [ audioServices.js:handleNewFile ] Failed to process chunk 1: Only 0 out of undefined chunks sent successfully
2024-12-16 11:18:57.216 [error] [ audioServices.js:handleNewFile ] Failed to process chunk 1: Only 0 out of undefined chunks sent successfully
2024-12-16 11:18:57.328 [error] [ audioServices.js:handleNewFile ] Failed to process chunk 1: Only 0 out of undefined chunks sent successfully
2024-12-16 11:18:57.329 [error] [ audioServices.js:handleNewFile ] Failed to process chunk 1: Only 0 out of undefined chunks sent successfully
2024-12-16 11:18:57.433 [error] [ audioServices.js:handleNewFile ] Failed to process chunk 1: Only 0 out of undefined chunks sent successfully
2024-12-16 11:18:57.441 [error] [ audioServices.js:handleNewFile ] Failed to process chunk 1: Only 0 out of undefined chunks sent successfully
2024-12-16 11:18:57.545 [error] [ audioServices.js:handleNewFile ] Failed to process chunk 1: Only 0 out of undefined chunks sent successfully
2024-12-16 11:18:57.553 [error] [ audioServices.js:handleNewFile ] Failed to process chunk 1: Only 0 out of undefined chunks sent successfully
2024-12-16 11:18:57.660 [error] [ audioServices.js:handleNewFile ] Failed to process chunk 1: Only 0 out of undefined chunks sent successfully
2024-12-16 11:18:57.667 [error] [ audioServices.js:handleNewFile ] Failed to process chunk 1: Only 0 out of undefined chunks sent successfully
2024-12-16 11:18:57.769 [error] [ audioServices.js:handleNewFile ] Failed to process chunk 1: Only 0 out of undefined chunks sent successfully
2024-12-16 11:18:57.771 [error] [ audioServices.js:handleNewFile ] Failed to process chunk 1: Only 0 out of undefined chunks sent successfully
2024-12-16 11:18:57.876 [error] [ audioServices.js:handleNewFile ] Failed to process chunk 1: Only 0 out of undefined chunks sent successfully
2024-12-16 11:18:57.878 [error] [ audioServices.js:handleNewFile ] Failed to process chunk 1: Only 0 out of undefined chunks sent successfully
2024-12-16 11:18:58.563 [error] [ QueueManager.js:getErkApiMsg ] QueueManager: ErkApiMsg is not initialized
2024-12-16 11:18:58.564 [error] [ app.js:sendAudioChunks ] sendAudioChunks 함수에서 오류 발생: Error: ErkApiMsg not initialized
2024-12-16 11:18:58.564 [error] [ audioServices.js:convertGsmToPcm ] Failed to send audio chunk 1: ErkApiMsg not initialized
2024-12-16 11:18:58.582 [error] [ QueueManager.js:getErkApiMsg ] QueueManager: ErkApiMsg is not initialized
2024-12-16 11:18:58.583 [error] [ app.js:sendAudioChunks ] sendAudioChunks 함수에서 오류 발생: Error: ErkApiMsg not initialized
2024-12-16 11:18:58.583 [error] [ audioServices.js:convertGsmToPcm ] Failed to send audio chunk 1: ErkApiMsg not initialized
2024-12-16 11:18:58.869 [error] [ QueueManager.js:getErkApiMsg ] QueueManager: ErkApiMsg is not initialized
2024-12-16 11:18:58.870 [error] [ app.js:sendAudioChunks ] sendAudioChunks 함수에서 오류 발생: Error: ErkApiMsg not initialized
2024-12-16 11:18:58.870 [error] [ audioServices.js:convertGsmToPcm ] Failed to send audio chunk 1: ErkApiMsg not initialized
2024-12-16 11:18:58.883 [error] [ QueueManager.js:getErkApiMsg ] QueueManager: ErkApiMsg is not initialized
2024-12-16 11:18:58.884 [error] [ app.js:sendAudioChunks ] sendAudioChunks 함수에서 오류 발생: Error: ErkApiMsg not initialized
2024-12-16 11:18:58.884 [error] [ audioServices.js:convertGsmToPcm ] Failed to send audio chunk 1: ErkApiMsg not initialized
2024-12-16 11:18:59.180 [error] [ QueueManager.js:getErkApiMsg ] QueueManager: ErkApiMsg is not initialized
2024-12-16 11:18:59.181 [error] [ app.js:sendAudioChunks ] sendAudioChunks 함수에서 오류 발생: Error: ErkApiMsg not initialized
2024-12-16 11:18:59.181 [error] [ audioServices.js:convertGsmToPcm ] Failed to send audio chunk 1: ErkApiMsg not initialized
2024-12-16 11:18:59.183 [error] [ QueueManager.js:getErkApiMsg ] QueueManager: ErkApiMsg is not initialized
2024-12-16 11:18:59.183 [error] [ app.js:sendAudioChunks ] sendAudioChunks 함수에서 오류 발생: Error: ErkApiMsg not initialized
2024-12-16 11:18:59.184 [error] [ audioServices.js:convertGsmToPcm ] Failed to send audio chunk 1: ErkApiMsg not initialized
2024-12-16 11:18:59.466 [error] [ QueueManager.js:getErkApiMsg ] QueueManager: ErkApiMsg is not initialized
2024-12-16 11:18:59.467 [error] [ app.js:sendAudioChunks ] sendAudioChunks 함수에서 오류 발생: Error: ErkApiMsg not initialized
2024-12-16 11:18:59.468 [error] [ audioServices.js:convertGsmToPcm ] Failed to send audio chunk 1: ErkApiMsg not initialized
2024-12-16 11:18:59.470 [error] [ QueueManager.js:getErkApiMsg ] QueueManager: ErkApiMsg is not initialized
2024-12-16 11:18:59.470 [error] [ app.js:sendAudioChunks ] sendAudioChunks 함수에서 오류 발생: Error: ErkApiMsg not initialized
2024-12-16 11:18:59.471 [error] [ audioServices.js:convertGsmToPcm ] Failed to send audio chunk 1: ErkApiMsg not initialized
2024-12-16 11:18:59.768 [error] [ QueueManager.js:getErkApiMsg ] QueueManager: ErkApiMsg is not initialized
2024-12-16 11:18:59.770 [error] [ app.js:sendAudioChunks ] sendAudioChunks 함수에서 오류 발생: Error: ErkApiMsg not initialized
2024-12-16 11:18:59.771 [error] [ audioServices.js:convertGsmToPcm ] Failed to send audio chunk 1: ErkApiMsg not initialized
2024-12-16 11:18:59.778 [error] [ QueueManager.js:getErkApiMsg ] QueueManager: ErkApiMsg is not initialized
2024-12-16 11:18:59.779 [error] [ app.js:sendAudioChunks ] sendAudioChunks 함수에서 오류 발생: Error: ErkApiMsg not initialized
2024-12-16 11:18:59.779 [error] [ audioServices.js:convertGsmToPcm ] Failed to send audio chunk 1: ErkApiMsg not initialized
2024-12-16 11:19:00.079 [error] [ QueueManager.js:getErkApiMsg ] QueueManager: ErkApiMsg is not initialized
2024-12-16 11:19:00.079 [error] [ app.js:sendAudioChunks ] sendAudioChunks 함수에서 오류 발생: Error: ErkApiMsg not initialized
2024-12-16 11:19:00.079 [error] [ audioServices.js:convertGsmToPcm ] Failed to send audio chunk 1: ErkApiMsg not initialized
2024-12-16 11:19:00.087 [error] [ QueueManager.js:getErkApiMsg ] QueueManager: ErkApiMsg is not initialized
2024-12-16 11:19:00.088 [error] [ app.js:sendAudioChunks ] sendAudioChunks 함수에서 오류 발생: Error: ErkApiMsg not initialized
2024-12-16 11:19:00.088 [error] [ audioServices.js:convertGsmToPcm ] Failed to send audio chunk 1: ErkApiMsg not initialized
2024-12-16 11:19:00.373 [error] [ QueueManager.js:getErkApiMsg ] QueueManager: ErkApiMsg is not initialized
2024-12-16 11:19:00.373 [error] [ app.js:sendAudioChunks ] sendAudioChunks 함수에서 오류 발생: Error: ErkApiMsg not initialized
2024-12-16 11:19:00.373 [error] [ audioServices.js:convertGsmToPcm ] Failed to send audio chunk 1: ErkApiMsg not initialized
2024-12-16 11:19:00.383 [error] [ QueueManager.js:getErkApiMsg ] QueueManager: ErkApiMsg is not initialized
2024-12-16 11:19:00.384 [error] [ app.js:sendAudioChunks ] sendAudioChunks 함수에서 오류 발생: Error: ErkApiMsg not initialized
2024-12-16 11:19:00.384 [error] [ audioServices.js:convertGsmToPcm ] Failed to send audio chunk 1: ErkApiMsg not initialized
2024-12-16 11:19:00.690 [error] [ QueueManager.js:getErkApiMsg ] QueueManager: ErkApiMsg is not initialized
2024-12-16 11:19:00.691 [error] [ app.js:sendAudioChunks ] sendAudioChunks 함수에서 오류 발생: Error: ErkApiMsg not initialized
2024-12-16 11:19:00.691 [error] [ audioServices.js:convertGsmToPcm ] Failed to send audio chunk 1: ErkApiMsg not initialized
2024-12-16 11:19:00.694 [error] [ QueueManager.js:getErkApiMsg ] QueueManager: ErkApiMsg is not initialized
2024-12-16 11:19:00.695 [error] [ app.js:sendAudioChunks ] sendAudioChunks 함수에서 오류 발생: Error: ErkApiMsg not initialized
2024-12-16 11:19:00.695 [error] [ audioServices.js:convertGsmToPcm ] Failed to send audio chunk 1: ErkApiMsg not initialized
2024-12-16 11:19:00.983 [error] [ QueueManager.js:getErkApiMsg ] QueueManager: ErkApiMsg is not initialized
2024-12-16 11:19:00.984 [error] [ app.js:sendAudioChunks ] sendAudioChunks 함수에서 오류 발생: Error: ErkApiMsg not initialized
2024-12-16 11:19:00.984 [error] [ audioServices.js:convertGsmToPcm ] Failed to send audio chunk 1: ErkApiMsg not initialized
2024-12-16 11:19:00.996 [error] [ QueueManager.js:getErkApiMsg ] QueueManager: ErkApiMsg is not initialized
2024-12-16 11:19:00.996 [error] [ app.js:sendAudioChunks ] sendAudioChunks 함수에서 오류 발생: Error: ErkApiMsg not initialized
2024-12-16 11:19:00.996 [error] [ audioServices.js:convertGsmToPcm ] Failed to send audio chunk 1: ErkApiMsg not initialized
2024-12-16 11:19:01.261 [error] [ QueueManager.js:getErkApiMsg ] QueueManager: ErkApiMsg is not initialized
2024-12-16 11:19:01.261 [error] [ app.js:sendAudioChunks ] sendAudioChunks 함수에서 오류 발생: Error: ErkApiMsg not initialized
2024-12-16 11:19:01.261 [error] [ audioServices.js:convertGsmToPcm ] Failed to send audio chunk 1: ErkApiMsg not initialized
2024-12-16 11:19:01.283 [error] [ QueueManager.js:getErkApiMsg ] QueueManager: ErkApiMsg is not initialized
2024-12-16 11:19:01.283 [error] [ app.js:sendAudioChunks ] sendAudioChunks 함수에서 오류 발생: Error: ErkApiMsg not initialized
2024-12-16 11:19:01.283 [error] [ audioServices.js:convertGsmToPcm ] Failed to send audio chunk 1: ErkApiMsg not initialized
2024-12-16 11:19:01.550 [error] [ QueueManager.js:getErkApiMsg ] QueueManager: ErkApiMsg is not initialized
2024-12-16 11:19:01.551 [error] [ app.js:sendAudioChunks ] sendAudioChunks 함수에서 오류 발생: Error: ErkApiMsg not initialized
2024-12-16 11:19:01.552 [error] [ audioServices.js:convertGsmToPcm ] Failed to send audio chunk 1: ErkApiMsg not initialized
2024-12-16 11:19:01.572 [error] [ QueueManager.js:getErkApiMsg ] QueueManager: ErkApiMsg is not initialized
2024-12-16 11:19:01.573 [error] [ app.js:sendAudioChunks ] sendAudioChunks 함수에서 오류 발생: Error: ErkApiMsg not initialized
2024-12-16 11:19:01.573 [error] [ audioServices.js:convertGsmToPcm ] Failed to send audio chunk 1: ErkApiMsg not initialized
2024-12-16 11:19:01.827 [error] [ QueueManager.js:getErkApiMsg ] QueueManager: ErkApiMsg is not initialized
2024-12-16 11:19:01.827 [error] [ app.js:sendAudioChunks ] sendAudioChunks 함수에서 오류 발생: Error: ErkApiMsg not initialized
2024-12-16 11:19:01.827 [error] [ audioServices.js:convertGsmToPcm ] Failed to send audio chunk 1: ErkApiMsg not initialized
2024-12-16 11:19:01.853 [error] [ QueueManager.js:getErkApiMsg ] QueueManager: ErkApiMsg is not initialized
2024-12-16 11:19:01.854 [error] [ app.js:sendAudioChunks ] sendAudioChunks 함수에서 오류 발생: Error: ErkApiMsg not initialized
2024-12-16 11:19:01.854 [error] [ audioServices.js:convertGsmToPcm ] Failed to send audio chunk 1: ErkApiMsg not initialized
2024-12-16 11:19:02.122 [error] [ QueueManager.js:getErkApiMsg ] QueueManager: ErkApiMsg is not initialized
2024-12-16 11:19:02.122 [error] [ app.js:sendAudioChunks ] sendAudioChunks 함수에서 오류 발생: Error: ErkApiMsg not initialized
2024-12-16 11:19:02.123 [error] [ audioServices.js:convertGsmToPcm ] Failed to send audio chunk 1: ErkApiMsg not initialized
2024-12-16 11:19:02.138 [error] [ QueueManager.js:getErkApiMsg ] QueueManager: ErkApiMsg is not initialized
2024-12-16 11:19:02.138 [error] [ app.js:sendAudioChunks ] sendAudioChunks 함수에서 오류 발생: Error: ErkApiMsg not initialized
2024-12-16 11:19:02.139 [error] [ audioServices.js:convertGsmToPcm ] Failed to send audio chunk 1: ErkApiMsg not initialized
2024-12-16 11:19:02.457 [error] [ QueueManager.js:getErkApiMsg ] QueueManager: ErkApiMsg is not initialized
2024-12-16 11:19:02.458 [error] [ app.js:sendAudioChunks ] sendAudioChunks 함수에서 오류 발생: Error: ErkApiMsg not initialized
2024-12-16 11:19:02.458 [error] [ audioServices.js:convertGsmToPcm ] Failed to send audio chunk 1: ErkApiMsg not initialized
2024-12-16 11:19:02.459 [error] [ QueueManager.js:getErkApiMsg ] QueueManager: ErkApiMsg is not initialized
2024-12-16 11:19:02.459 [error] [ app.js:sendAudioChunks ] sendAudioChunks 함수에서 오류 발생: Error: ErkApiMsg not initialized
2024-12-16 11:19:02.459 [error] [ audioServices.js:convertGsmToPcm ] Failed to send audio chunk 1: ErkApiMsg not initialized
2024-12-16 11:19:02.755 [error] [ QueueManager.js:getErkApiMsg ] QueueManager: ErkApiMsg is not initialized
2024-12-16 11:19:02.755 [error] [ app.js:sendAudioChunks ] sendAudioChunks 함수에서 오류 발생: Error: ErkApiMsg not initialized
2024-12-16 11:19:02.755 [error] [ audioServices.js:convertGsmToPcm ] Failed to send audio chunk 1: ErkApiMsg not initialized
2024-12-16 11:19:02.758 [error] [ QueueManager.js:getErkApiMsg ] QueueManager: ErkApiMsg is not initialized
2024-12-16 11:19:02.759 [error] [ app.js:sendAudioChunks ] sendAudioChunks 함수에서 오류 발생: Error: ErkApiMsg not initialized
2024-12-16 11:19:02.759 [error] [ audioServices.js:convertGsmToPcm ] Failed to send audio chunk 1: ErkApiMsg not initialized
2024-12-16 11:19:03.055 [error] [ QueueManager.js:getErkApiMsg ] QueueManager: ErkApiMsg is not initialized
2024-12-16 11:19:03.056 [error] [ app.js:sendAudioChunks ] sendAudioChunks 함수에서 오류 발생: Error: ErkApiMsg not initialized
2024-12-16 11:19:03.056 [error] [ audioServices.js:convertGsmToPcm ] Failed to send audio chunk 1: ErkApiMsg not initialized
2024-12-16 11:19:03.065 [error] [ QueueManager.js:getErkApiMsg ] QueueManager: ErkApiMsg is not initialized
2024-12-16 11:19:03.066 [error] [ app.js:sendAudioChunks ] sendAudioChunks 함수에서 오류 발생: Error: ErkApiMsg not initialized
2024-12-16 11:19:03.066 [error] [ audioServices.js:convertGsmToPcm ] Failed to send audio chunk 1: ErkApiMsg not initialized
2024-12-16 11:19:03.367 [error] [ QueueManager.js:getErkApiMsg ] QueueManager: ErkApiMsg is not initialized
2024-12-16 11:19:03.367 [error] [ app.js:sendAudioChunks ] sendAudioChunks 함수에서 오류 발생: Error: ErkApiMsg not initialized
2024-12-16 11:19:03.367 [error] [ audioServices.js:convertGsmToPcm ] Failed to send audio chunk 1: ErkApiMsg not initialized
2024-12-16 11:19:03.370 [error] [ QueueManager.js:getErkApiMsg ] QueueManager: ErkApiMsg is not initialized
2024-12-16 11:19:03.370 [error] [ app.js:sendAudioChunks ] sendAudioChunks 함수에서 오류 발생: Error: ErkApiMsg not initialized
2024-12-16 11:19:03.371 [error] [ audioServices.js:convertGsmToPcm ] Failed to send audio chunk 1: ErkApiMsg not initialized
