2024-12-20 17:39:54.830 [error] uncaughtException: Cannot find module '../MindSupport/config/directories'
Require stack:
- /home/neighbor/MindSupport/MindSupport_v1.0.0/app.js
Error: Cannot find module '../MindSupport/config/directories'
Require stack:
- /home/neighbor/MindSupport/MindSupport_v1.0.0/app.js
    at Module._resolveFilename (node:internal/modules/cjs/loader:1212:15)
    at Module._load (node:internal/modules/cjs/loader:1038:27)
    at wrapModuleLoad (node:internal/modules/cjs/loader:212:19)
    at Module.require (node:internal/modules/cjs/loader:1297:12)
    at require (node:internal/modules/helpers:123:16)
    at Object.<anonymous> (/home/neighbor/MindSupport/MindSupport_v1.0.0/app.js:40:21)
    at Module._compile (node:internal/modules/cjs/loader:1460:14)
    at Module._extensions..js (node:internal/modules/cjs/loader:1544:10)
    at Module.load (node:internal/modules/cjs/loader:1275:32)
    at Module._load (node:internal/modules/cjs/loader:1091:12)
2024-12-20 17:40:56.832 [error] uncaughtException: Cannot find module '../MindSupport/config/directories'
Require stack:
- /home/neighbor/MindSupport/MindSupport_v1.0.0/app.js
Error: Cannot find module '../MindSupport/config/directories'
Require stack:
- /home/neighbor/MindSupport/MindSupport_v1.0.0/app.js
    at Module._resolveFilename (node:internal/modules/cjs/loader:1212:15)
    at Module._load (node:internal/modules/cjs/loader:1038:27)
    at wrapModuleLoad (node:internal/modules/cjs/loader:212:19)
    at Module.require (node:internal/modules/cjs/loader:1297:12)
    at require (node:internal/modules/helpers:123:16)
    at Object.<anonymous> (/home/neighbor/MindSupport/MindSupport_v1.0.0/app.js:40:21)
    at Module._compile (node:internal/modules/cjs/loader:1460:14)
    at Module._extensions..js (node:internal/modules/cjs/loader:1544:10)
    at Module.load (node:internal/modules/cjs/loader:1275:32)
    at Module._load (node:internal/modules/cjs/loader:1091:12)
2024-12-20 17:41:08.794 [error] uncaughtException: Cannot find module '../MindSupport/config/directories'
Require stack:
- /home/neighbor/MindSupport/MindSupport_v1.0.0/app.js
Error: Cannot find module '../MindSupport/config/directories'
Require stack:
- /home/neighbor/MindSupport/MindSupport_v1.0.0/app.js
    at Module._resolveFilename (node:internal/modules/cjs/loader:1212:15)
    at Module._load (node:internal/modules/cjs/loader:1038:27)
    at wrapModuleLoad (node:internal/modules/cjs/loader:212:19)
    at Module.require (node:internal/modules/cjs/loader:1297:12)
    at require (node:internal/modules/helpers:123:16)
    at Object.<anonymous> (/home/neighbor/MindSupport/MindSupport_v1.0.0/app.js:40:21)
    at Module._compile (node:internal/modules/cjs/loader:1460:14)
    at Module._extensions..js (node:internal/modules/cjs/loader:1544:10)
    at Module.load (node:internal/modules/cjs/loader:1275:32)
    at Module._load (node:internal/modules/cjs/loader:1091:12)
2024-12-20 17:46:13.589 [error] uncaughtException: Cannot find module '../MindSupport/MindSupport_v1.0.0/config/directories'
Require stack:
- /home/neighbor/MindSupport/MindSupport_v1.0.0/app.js
Error: Cannot find module '../MindSupport/MindSupport_v1.0.0/config/directories'
Require stack:
- /home/neighbor/MindSupport/MindSupport_v1.0.0/app.js
    at Module._resolveFilename (node:internal/modules/cjs/loader:1212:15)
    at Module._load (node:internal/modules/cjs/loader:1038:27)
    at wrapModuleLoad (node:internal/modules/cjs/loader:212:19)
    at Module.require (node:internal/modules/cjs/loader:1297:12)
    at require (node:internal/modules/helpers:123:16)
    at Object.<anonymous> (/home/neighbor/MindSupport/MindSupport_v1.0.0/app.js:40:21)
    at Module._compile (node:internal/modules/cjs/loader:1460:14)
    at Module._extensions..js (node:internal/modules/cjs/loader:1544:10)
    at Module.load (node:internal/modules/cjs/loader:1275:32)
    at Module._load (node:internal/modules/cjs/loader:1091:12)
2024-12-20 17:47:02.126 [error] uncaughtException: Cannot find module '../config/directories'
Require stack:
- /home/neighbor/MindSupport/MindSupport_v1.0.0/app.js
Error: Cannot find module '../config/directories'
Require stack:
- /home/neighbor/MindSupport/MindSupport_v1.0.0/app.js
    at Module._resolveFilename (node:internal/modules/cjs/loader:1212:15)
    at Module._load (node:internal/modules/cjs/loader:1038:27)
    at wrapModuleLoad (node:internal/modules/cjs/loader:212:19)
    at Module.require (node:internal/modules/cjs/loader:1297:12)
    at require (node:internal/modules/helpers:123:16)
    at Object.<anonymous> (/home/neighbor/MindSupport/MindSupport_v1.0.0/app.js:40:21)
    at Module._compile (node:internal/modules/cjs/loader:1460:14)
    at Module._extensions..js (node:internal/modules/cjs/loader:1544:10)
    at Module.load (node:internal/modules/cjs/loader:1275:32)
    at Module._load (node:internal/modules/cjs/loader:1091:12)
2024-12-20 17:47:17.874 [error] uncaughtException: Cannot find module 'home/neighbor/MindSupport/MindSupport_v1.0.0/config/directories'
Require stack:
- /home/neighbor/MindSupport/MindSupport_v1.0.0/app.js
Error: Cannot find module 'home/neighbor/MindSupport/MindSupport_v1.0.0/config/directories'
Require stack:
- /home/neighbor/MindSupport/MindSupport_v1.0.0/app.js
    at Module._resolveFilename (node:internal/modules/cjs/loader:1212:15)
    at Module._load (node:internal/modules/cjs/loader:1038:27)
    at wrapModuleLoad (node:internal/modules/cjs/loader:212:19)
    at Module.require (node:internal/modules/cjs/loader:1297:12)
    at require (node:internal/modules/helpers:123:16)
    at Object.<anonymous> (/home/neighbor/MindSupport/MindSupport_v1.0.0/app.js:40:21)
    at Module._compile (node:internal/modules/cjs/loader:1460:14)
    at Module._extensions..js (node:internal/modules/cjs/loader:1544:10)
    at Module.load (node:internal/modules/cjs/loader:1275:32)
    at Module._load (node:internal/modules/cjs/loader:1091:12)
2024-12-20 17:47:44.455 [error] uncaughtException: Cannot find module '../MindSupport/MindSupport_v1.0.0/config/directories.js'
Require stack:
- /home/neighbor/MindSupport/MindSupport_v1.0.0/app.js
Error: Cannot find module '../MindSupport/MindSupport_v1.0.0/config/directories.js'
Require stack:
- /home/neighbor/MindSupport/MindSupport_v1.0.0/app.js
    at Module._resolveFilename (node:internal/modules/cjs/loader:1212:15)
    at Module._load (node:internal/modules/cjs/loader:1038:27)
    at wrapModuleLoad (node:internal/modules/cjs/loader:212:19)
    at Module.require (node:internal/modules/cjs/loader:1297:12)
    at require (node:internal/modules/helpers:123:16)
    at Object.<anonymous> (/home/neighbor/MindSupport/MindSupport_v1.0.0/app.js:40:21)
    at Module._compile (node:internal/modules/cjs/loader:1460:14)
    at Module._extensions..js (node:internal/modules/cjs/loader:1544:10)
    at Module.load (node:internal/modules/cjs/loader:1275:32)
    at Module._load (node:internal/modules/cjs/loader:1091:12)
2024-12-20 17:47:47.329 [error] uncaughtException: Cannot find module '../MindSupport/MindSupport_v1.0.0/config/directories'
Require stack:
- /home/neighbor/MindSupport/MindSupport_v1.0.0/app.js
Error: Cannot find module '../MindSupport/MindSupport_v1.0.0/config/directories'
Require stack:
- /home/neighbor/MindSupport/MindSupport_v1.0.0/app.js
    at Module._resolveFilename (node:internal/modules/cjs/loader:1212:15)
    at Module._load (node:internal/modules/cjs/loader:1038:27)
    at wrapModuleLoad (node:internal/modules/cjs/loader:212:19)
    at Module.require (node:internal/modules/cjs/loader:1297:12)
    at require (node:internal/modules/helpers:123:16)
    at Object.<anonymous> (/home/neighbor/MindSupport/MindSupport_v1.0.0/app.js:40:21)
    at Module._compile (node:internal/modules/cjs/loader:1460:14)
    at Module._extensions..js (node:internal/modules/cjs/loader:1544:10)
    at Module.load (node:internal/modules/cjs/loader:1275:32)
    at Module._load (node:internal/modules/cjs/loader:1091:12)
2024-12-20 17:48:32.117 [error] uncaughtException: Cannot find module '../MindSupport/MindSupport_v1.0.0/config/directories'
Require stack:
- /home/neighbor/MindSupport/MindSupport_v1.0.0/app.js
Error: Cannot find module '../MindSupport/MindSupport_v1.0.0/config/directories'
Require stack:
- /home/neighbor/MindSupport/MindSupport_v1.0.0/app.js
    at Module._resolveFilename (node:internal/modules/cjs/loader:1212:15)
    at Module._load (node:internal/modules/cjs/loader:1038:27)
    at wrapModuleLoad (node:internal/modules/cjs/loader:212:19)
    at Module.require (node:internal/modules/cjs/loader:1297:12)
    at require (node:internal/modules/helpers:123:16)
    at Object.<anonymous> (/home/neighbor/MindSupport/MindSupport_v1.0.0/app.js:40:21)
    at Module._compile (node:internal/modules/cjs/loader:1460:14)
    at Module._extensions..js (node:internal/modules/cjs/loader:1544:10)
    at Module.load (node:internal/modules/cjs/loader:1275:32)
    at Module._load (node:internal/modules/cjs/loader:1091:12)
2024-12-20 17:49:42.857 [info]  [ httpServer ] {"address":"::","family":"IPv6","port":8888}
2024-12-20 17:49:42.967 [info]  [ AMQP:amqpConnect ] AMQP 연결 성공
2024-12-20 17:49:42.973 [error] [ app.js:loadProto ] Proto 파일 로드 중 오류 발생: Error: ENOENT: no such file or directory, open '/home/241212_MindSupport/MindSupport/public/proto/241212_ErkApiMsg_ETRI_v3_3.proto'
2024-12-20 17:49:43.013 [error] [ app.js:loadProto ] Error: ENOENT: no such file or directory, open '/home/241212_MindSupport/MindSupport/public/proto/241212_ErkApiMsg_ETRI_v3_3.proto'
2024-12-20 17:49:43.031 [info]  [ AMQP:createChannel ] AMQP 상담원 채널 생성 성공
2024-12-20 17:49:43.040 [info]  [ AMQP:createChannel ] AMQP 고객 채널 생성 성공
2024-12-20 17:49:43.057 [info]  [ AMQP:assertQueue ] Classic 메세지 큐(NEIGHBOR_SYSTEM) 생성 성공
2024-12-20 17:49:43.068 [info]  [ AMQP:assertQueue ] Classic 메세지 큐(NEIGHBOR_SYSTEM2) 생성 성공
2024-12-20 17:49:46.309 [info]  [ app.js:callProcedure ] 'emoCoachingMessage10_Proc' 프로시저 호출 결과: 51개
2024-12-20 17:49:46.316 [info]  [ app.js:callProcedure ] 'emoCoachingMessage30_Proc' 프로시저 호출 결과: 173개
2024-12-20 17:49:46.318 [info]  [ app.js:callProcedure ] 'emoCoachingMessage60_Proc' 프로시저 호출 결과: 0개
2024-12-20 17:49:46.326 [info]  [ app.js:selectAutoCoach ] 자동 코칭 조건 결과 및 개수 : 8개
2024-12-20 17:49:46.332 [info]  [ app.js:selectAutoCoach ] 현재 접속중인 사용자 없음
2024-12-20 17:49:51.208 [info]  [ app.js:callProcedure ] 'emoCoachingMessage10_Proc' 프로시저 호출 결과: 51개
2024-12-20 17:49:51.210 [info]  [ app.js:callProcedure ] 'emoCoachingMessage30_Proc' 프로시저 호출 결과: 173개
2024-12-20 17:49:51.211 [info]  [ app.js:callProcedure ] 'emoCoachingMessage60_Proc' 프로시저 호출 결과: 0개
2024-12-20 17:49:51.213 [info]  [ app.js:selectAutoCoach ] 자동 코칭 조건 결과 및 개수 : 8개
2024-12-20 17:49:51.216 [info]  [ app.js:selectAutoCoach ] 현재 접속중인 사용자 없음
2024-12-20 17:49:56.101 [info]  [ app.js:callProcedure ] 'emoCoachingMessage10_Proc' 프로시저 호출 결과: 51개
2024-12-20 17:49:56.103 [info]  [ app.js:callProcedure ] 'emoCoachingMessage30_Proc' 프로시저 호출 결과: 173개
2024-12-20 17:49:56.103 [info]  [ app.js:callProcedure ] 'emoCoachingMessage60_Proc' 프로시저 호출 결과: 0개
2024-12-20 17:49:56.105 [info]  [ app.js:selectAutoCoach ] 자동 코칭 조건 결과 및 개수 : 8개
2024-12-20 17:49:56.105 [info]  [ app.js:selectAutoCoach ] 현재 접속중인 사용자 없음
2024-12-20 17:50:01.070 [info]  [ app.js:callProcedure ] 'emoCoachingMessage10_Proc' 프로시저 호출 결과: 51개
2024-12-20 17:50:01.070 [info]  [ app.js:callProcedure ] 'emoCoachingMessage30_Proc' 프로시저 호출 결과: 173개
2024-12-20 17:50:01.071 [info]  [ app.js:callProcedure ] 'emoCoachingMessage60_Proc' 프로시저 호출 결과: 0개
2024-12-20 17:50:01.075 [info]  [ app.js:selectAutoCoach ] 자동 코칭 조건 결과 및 개수 : 8개
2024-12-20 17:50:01.079 [info]  [ app.js:selectAutoCoach ] 현재 접속중인 사용자 없음
2024-12-20 17:50:06.096 [info]  [ app.js:callProcedure ] 'emoCoachingMessage10_Proc' 프로시저 호출 결과: 51개
2024-12-20 17:50:06.097 [info]  [ app.js:callProcedure ] 'emoCoachingMessage30_Proc' 프로시저 호출 결과: 173개
2024-12-20 17:50:06.097 [info]  [ app.js:callProcedure ] 'emoCoachingMessage60_Proc' 프로시저 호출 결과: 0개
2024-12-20 17:50:06.101 [info]  [ app.js:selectAutoCoach ] 자동 코칭 조건 결과 및 개수 : 8개
2024-12-20 17:50:06.103 [info]  [ app.js:selectAutoCoach ] 현재 접속중인 사용자 없음
2024-12-20 17:50:11.079 [info]  [ app.js:callProcedure ] 'emoCoachingMessage10_Proc' 프로시저 호출 결과: 51개
2024-12-20 17:50:11.079 [info]  [ app.js:callProcedure ] 'emoCoachingMessage30_Proc' 프로시저 호출 결과: 173개
2024-12-20 17:50:11.079 [info]  [ app.js:callProcedure ] 'emoCoachingMessage60_Proc' 프로시저 호출 결과: 0개
2024-12-20 17:50:11.082 [info]  [ app.js:selectAutoCoach ] 자동 코칭 조건 결과 및 개수 : 8개
2024-12-20 17:50:11.082 [info]  [ app.js:selectAutoCoach ] 현재 접속중인 사용자 없음
2024-12-20 17:50:16.245 [info]  [ app.js:callProcedure ] 'emoCoachingMessage10_Proc' 프로시저 호출 결과: 51개
2024-12-20 17:50:16.250 [info]  [ app.js:callProcedure ] 'emoCoachingMessage30_Proc' 프로시저 호출 결과: 173개
2024-12-20 17:50:16.253 [info]  [ app.js:callProcedure ] 'emoCoachingMessage60_Proc' 프로시저 호출 결과: 0개
2024-12-20 17:50:16.254 [info]  [ app.js:selectAutoCoach ] 자동 코칭 조건 결과 및 개수 : 8개
2024-12-20 17:50:16.256 [info]  [ app.js:selectAutoCoach ] 현재 접속중인 사용자 없음
2024-12-20 17:50:21.418 [info]  [ app.js:callProcedure ] 'emoCoachingMessage10_Proc' 프로시저 호출 결과: 51개
2024-12-20 17:50:21.418 [info]  [ app.js:callProcedure ] 'emoCoachingMessage30_Proc' 프로시저 호출 결과: 173개
2024-12-20 17:50:21.418 [info]  [ app.js:callProcedure ] 'emoCoachingMessage60_Proc' 프로시저 호출 결과: 0개
2024-12-20 17:50:21.419 [info]  [ app.js:selectAutoCoach ] 자동 코칭 조건 결과 및 개수 : 8개
2024-12-20 17:50:21.423 [info]  [ app.js:selectAutoCoach ] 현재 접속중인 사용자 없음
2024-12-20 17:50:26.402 [info]  [ app.js:callProcedure ] 'emoCoachingMessage10_Proc' 프로시저 호출 결과: 51개
2024-12-20 17:50:26.405 [info]  [ app.js:callProcedure ] 'emoCoachingMessage30_Proc' 프로시저 호출 결과: 173개
2024-12-20 17:50:26.406 [info]  [ app.js:callProcedure ] 'emoCoachingMessage60_Proc' 프로시저 호출 결과: 0개
2024-12-20 17:50:26.415 [info]  [ app.js:selectAutoCoach ] 자동 코칭 조건 결과 및 개수 : 8개
2024-12-20 17:50:26.431 [info]  [ app.js:selectAutoCoach ] 현재 접속중인 사용자 없음
2024-12-20 17:50:30.513 [info]  [ app.js:callProcedure ] 'emoCoachingMessage10_Proc' 프로시저 호출 결과: 51개
2024-12-20 17:50:30.519 [info]  [ app.js:callProcedure ] 'emoCoachingMessage30_Proc' 프로시저 호출 결과: 173개
2024-12-20 17:50:30.521 [info]  [ app.js:callProcedure ] 'emoCoachingMessage60_Proc' 프로시저 호출 결과: 0개
2024-12-20 17:50:30.526 [info]  [ app.js:selectAutoCoach ] 자동 코칭 조건 결과 및 개수 : 8개
2024-12-20 17:50:30.529 [info]  [ app.js:selectAutoCoach ] 현재 접속중인 사용자 없음
2024-12-20 17:50:36.844 [info]  [ httpServer ] {"address":"::","family":"IPv6","port":8888}
2024-12-20 17:50:37.090 [info]  [ AMQP:amqpConnect ] AMQP 연결 성공
2024-12-20 17:50:37.167 [info]  [ app.js:loadProto ] ErkApiMsg.proto 불러오기 성공
2024-12-20 17:50:37.194 [info]  [ app.js:startApplication ] NFS 마운트 체크를 성공했습니다.
2024-12-20 17:50:37.227 [info]  [ EnhancedFSWatcher:initializeWatcher ] File system watcher initialized successfully
2024-12-20 17:50:37.236 [info]  [ app.js:watchDirectory ] File watcher successfully started
2024-12-20 17:50:37.242 [info]  [ erkUtils.js:setErkApiMsg ] ErkApiMsg and channels set to: defined
2024-12-20 17:50:37.279 [info]  [ AMQP:createChannel ] AMQP 상담원 채널 생성 성공
2024-12-20 17:50:37.287 [info]  [ AMQP:createChannel ] AMQP 고객 채널 생성 성공
2024-12-20 17:50:37.298 [info]  [ AMQP:selectOrgId ] OrgId 요청해야 할 서비스 항목 0건
2024-12-20 17:50:37.314 [info]  [ AMQP:selectUsr ] 등록할 서비스 사업자가 없음. 사용자 프로파일링 진행
2024-12-20 17:50:37.326 [info]  [ AMQP:addUserInfo ] 사용자 등록 조회 결과 : 0건
2024-12-20 17:50:37.328 [info]  [ AMQP:addUserInfo ] 등록할 사용자 없음
2024-12-20 17:50:37.340 [info]  [ AMQP:assertQueue ] Classic 메세지 큐(NEIGHBOR_SYSTEM) 생성 성공
2024-12-20 17:50:37.370 [info]  [ AMQP:assertQueue ] Classic 메세지 큐(NEIGHBOR_SYSTEM2) 생성 성공
2024-12-20 17:50:37.451 [info]  [ EnhancedFSWatcher.js:watchDirectoryReady ] Initial scan complete. Ready for changes...
2024-12-20 17:50:41.070 [info]  [ app.js:callProcedure ] 'emoCoachingMessage10_Proc' 프로시저 호출 결과: 51개
2024-12-20 17:50:41.073 [info]  [ app.js:callProcedure ] 'emoCoachingMessage30_Proc' 프로시저 호출 결과: 173개
2024-12-20 17:50:41.073 [info]  [ app.js:callProcedure ] 'emoCoachingMessage60_Proc' 프로시저 호출 결과: 0개
2024-12-20 17:50:41.078 [info]  [ app.js:selectAutoCoach ] 자동 코칭 조건 결과 및 개수 : 8개
2024-12-20 17:50:41.078 [info]  [ app.js:selectAutoCoach ] 현재 접속중인 사용자 없음
2024-12-20 17:50:42.270 [info]  [ app.js:/ ] 세션 정보가 없거나 인증되지 않아 로그인 페이지로 이동
2024-12-20 17:50:45.407 [info]  [ app.js:managerLogin ] 로그인 프로세스 호출
2024-12-20 17:50:45.408 [info]  [ app.js:managerLogin ] 입력된 사용자 계정: ms4, 입력된 사용자 암호: nb1234
2024-12-20 17:50:45.421 [error] [ API:login_info_sql ] Error: Unknown column 'uuid2' in 'field list'
